.=====================================================================.
                                                                       
  .d8888b.   .o8888b.  db  .d8888b.  d8888b. d88888b d8888b.  .d888b.  
 .8P    Y8. d8P    Y8  88 .8P    Y8. 88  `8D 88'     88  `8D .8P , Y8. 
 88      88 8P     .ooo88 88      88 88oooY' 88oooo  88oobY' 88  |  88 
 88      88 8b     `~~~88 88      88 88~~~b. 88~~~~  88`8b   88  |/ 88 
 `8b    d8' Y8b    d8  88 `8b    d8' 88   8D 88.     88 `88. `8b | d8' 
  `Y8888P'   `Y8888P'  YP  `Y8888P'  Y8888P' Y88888P 88   YD  `Y888P'  
                                                                       
`========================== INSTALLATION LOG ========================='

[2020/09/24 07:53:22] Host: Windows NT USER-PC 6.3 build 9600 (Windows 8.1 Professional Edition) AMD64
[2020/09/24 07:53:22] PHP version: 7.3.13
[2020/09/24 07:53:22] Server software: Apache/2.4.41 (Win64) OpenSSL/1.1.1c PHP/7.3.13
[2020/09/24 07:53:22] Operating system: WINNT
[2020/09/24 07:53:22] Memory limit: 512M
[2020/09/24 07:53:22] Max execution time: 3600
.============================ POST REQUEST ==========================.
[2020/09/24 07:53:22] Postback payload: Array
(
    [code] => phpVersion
    [handler] => onCheckRequirement
)

[2020/09/24 07:53:22] System check: phpVersion
[2020/09/24 07:53:22] Requirement phpVersion +OK
[2020/09/24 07:53:22] Execute handler (onCheckRequirement): Array
(
    [result] => 1
)

.============================ POST REQUEST ==========================.
[2020/09/24 07:53:23] Postback payload: Array
(
    [code] => curlLibrary
    [handler] => onCheckRequirement
)

[2020/09/24 07:53:23] System check: curlLibrary
[2020/09/24 07:53:23] Requirement curlLibrary +OK
[2020/09/24 07:53:23] Execute handler (onCheckRequirement): Array
(
    [result] => 1
)

.============================ POST REQUEST ==========================.
[2020/09/24 07:53:23] Postback payload: Array
(
    [code] => liveConnection
    [handler] => onCheckRequirement
)

[2020/09/24 07:53:23] System check: liveConnection
[2020/09/24 07:53:24] Server request: ping
[2020/09/24 07:53:24] Request information: Array
(
    [url] => http://gateway.octobercms.com/api/ping
    [content_type] => application/json
    [http_code] => 200
    [header_size] => 705
    [request_size] => 189
    [filetime] => -1
    [ssl_verify_result] => 0
    [redirect_count] => 0
    [total_time] => 0.645987
    [namelookup_time] => 0.147154
    [connect_time] => 0.382421
    [pretransfer_time] => 0.382595
    [size_upload] => 50
    [size_download] => 12
    [speed_download] => 18
    [speed_upload] => 77
    [download_content_length] => -1
    [upload_content_length] => 50
    [starttransfer_time] => 0.633808
    [redirect_time] => 0
    [redirect_url] => 
    [primary_ip] => 52.24.36.22
    [certinfo] => Array
        (
        )

    [primary_port] => 80
    [local_ip] => 192.168.0.116
    [local_port] => 61061
    [http_version] => 2
    [protocol] => 1
    [ssl_verifyresult] => 0
    [scheme] => HTTP
    [appconnect_time_us] => 0
    [connect_time_us] => 382421
    [namelookup_time_us] => 147154
    [pretransfer_time_us] => 382595
    [redirect_time_us] => 0
    [starttransfer_time_us] => 633808
    [total_time_us] => 645987
)

[2020/09/24 07:53:24] Requirement liveConnection +OK
[2020/09/24 07:53:24] Execute handler (onCheckRequirement): Array
(
    [result] => 1
)

.============================ POST REQUEST ==========================.
[2020/09/24 07:53:25] Postback payload: Array
(
    [code] => writePermission
    [handler] => onCheckRequirement
)

[2020/09/24 07:53:25] System check: writePermission
[2020/09/24 07:53:25] Requirement writePermission +OK
[2020/09/24 07:53:25] Execute handler (onCheckRequirement): Array
(
    [result] => 1
)

.============================ POST REQUEST ==========================.
[2020/09/24 07:53:25] Postback payload: Array
(
    [code] => pdoLibrary
    [handler] => onCheckRequirement
)

[2020/09/24 07:53:25] System check: pdoLibrary
[2020/09/24 07:53:25] Requirement pdoLibrary +OK
[2020/09/24 07:53:25] Execute handler (onCheckRequirement): Array
(
    [result] => 1
)

.============================ POST REQUEST ==========================.
[2020/09/24 07:53:26] Postback payload: Array
(
    [code] => mbstringLibrary
    [handler] => onCheckRequirement
)

[2020/09/24 07:53:26] System check: mbstringLibrary
[2020/09/24 07:53:26] Requirement mbstringLibrary +OK
[2020/09/24 07:53:26] Execute handler (onCheckRequirement): Array
(
    [result] => 1
)

.============================ POST REQUEST ==========================.
[2020/09/24 07:53:26] Postback payload: Array
(
    [code] => fileinfoLibrary
    [handler] => onCheckRequirement
)

[2020/09/24 07:53:26] System check: fileinfoLibrary
[2020/09/24 07:53:26] Requirement fileinfoLibrary +OK
[2020/09/24 07:53:26] Execute handler (onCheckRequirement): Array
(
    [result] => 1
)

.============================ POST REQUEST ==========================.
[2020/09/24 07:53:27] Postback payload: Array
(
    [code] => sslLibrary
    [handler] => onCheckRequirement
)

[2020/09/24 07:53:27] System check: sslLibrary
[2020/09/24 07:53:27] Requirement sslLibrary +OK
[2020/09/24 07:53:27] Execute handler (onCheckRequirement): Array
(
    [result] => 1
)

.============================ POST REQUEST ==========================.
[2020/09/24 07:53:27] Postback payload: Array
(
    [code] => zipLibrary
    [handler] => onCheckRequirement
)

[2020/09/24 07:53:27] System check: zipLibrary
[2020/09/24 07:53:27] Requirement zipLibrary +OK
[2020/09/24 07:53:27] Execute handler (onCheckRequirement): Array
(
    [result] => 1
)

.============================ POST REQUEST ==========================.
[2020/09/24 07:53:28] Postback payload: Array
(
    [code] => gdLibrary
    [handler] => onCheckRequirement
)

[2020/09/24 07:53:28] System check: gdLibrary
[2020/09/24 07:53:28] Requirement gdLibrary +OK
[2020/09/24 07:53:28] Execute handler (onCheckRequirement): Array
(
    [result] => 1
)

.============================ POST REQUEST ==========================.
[2020/09/24 07:54:29] Postback payload: Array
(
    [db_type] => mysql
    [db_host] => localhost
    [db_port] => 
    [db_name] => dnccloud
    [db_user] => admin
    [db_pass] => *******
    [admin_first_name] => Admin
    [admin_last_name] => Person
    [admin_email] => *******@*****.com
    [admin_login] => admin
    [admin_password] => *******
    [admin_confirm_password] => *******
    [backend_uri] => /backend
    [encryption_code] => *******
    [file_mask] => 777
    [folder_mask] => 777
    [handler] => onValidateDatabase
)

[2020/09/24 07:54:29] Handler error (onValidateDatabase): Connection failed: SQLSTATE[HY000] [1049] Unknown database 'dnccloud'
[2020/09/24 07:54:29] Trace log:
#0 C:\xampp\htdocs\install-master\install_files\php\Installer.php(48): Installer->onValidateDatabase()
#1 C:\xampp\htdocs\install-master\install_files\php\boot.php(91): Installer->__construct()
#2 C:\xampp\htdocs\install-master\install.php(1): include('C:\\xampp\\htdocs...')
#3 {main}
.============================ POST REQUEST ==========================.
[2020/09/24 07:54:45] Postback payload: Array
(
    [db_type] => mysql
    [db_host] => localhost
    [db_port] => 
    [db_name] => dnccloud
    [db_user] => admin
    [db_pass] => *******
    [admin_first_name] => Admin
    [admin_last_name] => Person
    [admin_email] => *******@*****.com
    [admin_login] => admin
    [admin_password] => *******
    [admin_confirm_password] => *******
    [backend_uri] => /backend
    [encryption_code] => *******
    [file_mask] => 777
    [folder_mask] => 777
    [handler] => onValidateDatabase
)

.============================ POST REQUEST ==========================.
[2020/09/24 07:54:45] Postback payload: Array
(
    [db_type] => mysql
    [db_host] => localhost
    [db_port] => 
    [db_name] => dnccloud
    [db_user] => admin
    [db_pass] => *******
    [admin_first_name] => Admin
    [admin_last_name] => Person
    [admin_email] => *******@*****.com
    [admin_login] => admin
    [admin_password] => *******
    [admin_confirm_password] => *******
    [backend_uri] => /backend
    [encryption_code] => *******
    [file_mask] => 777
    [folder_mask] => 777
    [handler] => onValidateAdminAccount
)

[2020/09/24 07:54:45] Handler error (onValidateAdminAccount): Please specify password
[2020/09/24 07:54:45] Trace log:
#0 C:\xampp\htdocs\install-master\install_files\php\Installer.php(48): Installer->onValidateAdminAccount()
#1 C:\xampp\htdocs\install-master\install_files\php\boot.php(91): Installer->__construct()
#2 C:\xampp\htdocs\install-master\install.php(1): include('C:\\xampp\\htdocs...')
#3 {main}
.============================ POST REQUEST ==========================.
[2020/09/24 07:55:15] Postback payload: Array
(
    [db_type] => mysql
    [db_host] => localhost
    [db_port] => 
    [db_name] => dnccloud
    [db_user] => root
    [db_pass] => *******
    [admin_first_name] => Admin
    [admin_last_name] => Person
    [admin_email] => *******@*****.com
    [admin_login] => admin
    [admin_password] => *******
    [admin_confirm_password] => *******
    [backend_uri] => /backend
    [encryption_code] => *******
    [file_mask] => 777
    [folder_mask] => 777
    [handler] => onValidateDatabase
)

.============================ POST REQUEST ==========================.
[2020/09/24 07:55:15] Postback payload: Array
(
    [db_type] => mysql
    [db_host] => localhost
    [db_port] => 
    [db_name] => dnccloud
    [db_user] => root
    [db_pass] => *******
    [admin_first_name] => Admin
    [admin_last_name] => Person
    [admin_email] => *******@*****.com
    [admin_login] => admin
    [admin_password] => *******
    [admin_confirm_password] => *******
    [backend_uri] => /backend
    [encryption_code] => *******
    [file_mask] => 777
    [folder_mask] => 777
    [handler] => onValidateAdminAccount
)

.============================ POST REQUEST ==========================.
[2020/09/24 07:55:15] Postback payload: Array
(
    [db_type] => mysql
    [db_host] => localhost
    [db_port] => 
    [db_name] => dnccloud
    [db_user] => root
    [db_pass] => *******
    [admin_first_name] => Admin
    [admin_last_name] => Person
    [admin_email] => *******@*****.com
    [admin_login] => admin
    [admin_password] => *******
    [admin_confirm_password] => *******
    [backend_uri] => /backend
    [encryption_code] => *******
    [file_mask] => 777
    [folder_mask] => 777
    [handler] => onValidateAdvancedConfig
)

.============================ POST REQUEST ==========================.
[2020/09/24 07:55:22] Postback payload: Array
(
    [step] => getMetaData
    [meta] => 
    [handler] => onInstallStep
)

[2020/09/24 07:55:22] Install step: getMetaData
[2020/09/24 07:55:23] Server request: core/install
[2020/09/24 07:55:23] Request information: Array
(
    [url] => http://gateway.octobercms.com/api/core/install
    [content_type] => application/json
    [http_code] => 200
    [header_size] => 688
    [request_size] => 197
    [filetime] => -1
    [ssl_verify_result] => 0
    [redirect_count] => 0
    [total_time] => 0.618768
    [namelookup_time] => 0.046882
    [connect_time] => 0.270396
    [pretransfer_time] => 0.270496
    [size_upload] => 50
    [size_download] => 132
    [speed_download] => 213
    [speed_upload] => 80
    [download_content_length] => -1
    [upload_content_length] => 50
    [starttransfer_time] => 0.604982
    [redirect_time] => 0
    [redirect_url] => 
    [primary_ip] => 52.24.36.22
    [certinfo] => Array
        (
        )

    [primary_port] => 80
    [local_ip] => 192.168.0.116
    [local_port] => 61132
    [http_version] => 2
    [protocol] => 1
    [ssl_verifyresult] => 0
    [scheme] => HTTP
    [appconnect_time_us] => 0
    [connect_time_us] => 270396
    [namelookup_time_us] => 46882
    [pretransfer_time_us] => 270496
    [redirect_time_us] => 0
    [starttransfer_time_us] => 604982
    [total_time_us] => 618768
)

[2020/09/24 07:55:23] Step getMetaData +OK
[2020/09/24 07:55:23] Execute handler (onInstallStep): Array
(
    [result] => Array
        (
            [core] => Array
                (
                    [hash] => 5438e3117dab628d2a59e4494171969d
                    [build] => 469
                    [uhash] => 77923b28a5c9ea351ac80ef18e86da62
                )

            [plugins] => Array
                (
                )

            [themes] => Array
                (
                )

        )

)

.============================ POST REQUEST ==========================.
[2020/09/24 07:55:23] Postback payload: Array
(
    [step] => downloadCore
    [meta] => Array
        (
            [core] => Array
                (
                    [hash] => 5438e3117dab628d2a59e4494171969d
                    [build] => 469
                    [uhash] => 77923b28a5c9ea351ac80ef18e86da62
                )

        )

    [handler] => onInstallStep
)

[2020/09/24 07:55:23] Install step: downloadCore
[2020/09/24 07:55:41] Saving to file (core): C:/xampp/htdocs/install-master/install_files/temp/a74ad8dfacd4f985eb3977517615ce25.arc
[2020/09/24 07:55:41] Step downloadCore +OK
[2020/09/24 07:55:41] Execute handler (onInstallStep): Array
(
    [result] => 
)

.============================ POST REQUEST ==========================.
[2020/09/24 07:55:42] Postback payload: Array
(
    [step] => extractCore
    [meta] => Array
        (
            [core] => Array
                (
                    [hash] => 5438e3117dab628d2a59e4494171969d
                    [build] => 469
                    [uhash] => 77923b28a5c9ea351ac80ef18e86da62
                )

        )

    [handler] => onInstallStep
)

[2020/09/24 07:55:42] Install step: extractCore
[2020/09/24 07:55:42] Extracting file (core): a74ad8dfacd4f985eb3977517615ce25.arc
[2020/09/24 07:56:33] Step extractCore +OK
[2020/09/24 07:56:33] Execute handler (onInstallStep): Array
(
    [result] => 1
)

.============================ POST REQUEST ==========================.
[2020/09/24 07:56:34] Postback payload: Array
(
    [step] => setupConfig
    [meta] => Array
        (
            [core] => Array
                (
                    [hash] => 5438e3117dab628d2a59e4494171969d
                    [build] => 469
                    [uhash] => 77923b28a5c9ea351ac80ef18e86da62
                )

        )

    [db_type] => mysql
    [db_host] => localhost
    [db_port] => 
    [db_name] => dnccloud
    [db_user] => root
    [db_pass] => *******
    [admin_first_name] => Admin
    [admin_last_name] => Person
    [admin_email] => *******@*****.com
    [admin_login] => admin
    [admin_password] => *******
    [admin_confirm_password] => *******
    [backend_uri] => /backend
    [encryption_code] => *******
    [file_mask] => 777
    [folder_mask] => 777
    [handler] => onInstallStep
)

[2020/09/24 07:56:34] Install step: setupConfig
[2020/09/24 05:56:35] Step setupConfig +OK
[2020/09/24 05:56:35] Execute handler (onInstallStep): Array
(
    [result] => 
)

.============================ POST REQUEST ==========================.
[2020/09/24 07:56:36] Postback payload: Array
(
    [step] => createAdmin
    [meta] => Array
        (
            [core] => Array
                (
                    [hash] => 5438e3117dab628d2a59e4494171969d
                    [build] => 469
                    [uhash] => 77923b28a5c9ea351ac80ef18e86da62
                )

        )

    [db_type] => mysql
    [db_host] => localhost
    [db_port] => 
    [db_name] => dnccloud
    [db_user] => root
    [db_pass] => *******
    [admin_first_name] => Admin
    [admin_last_name] => Person
    [admin_email] => *******@*****.com
    [admin_login] => admin
    [admin_password] => *******
    [admin_confirm_password] => *******
    [backend_uri] => /backend
    [encryption_code] => *******
    [file_mask] => 777
    [folder_mask] => 777
    [handler] => onInstallStep
)

[2020/09/24 07:56:36] Install step: createAdmin
[2020/09/24 05:56:57] Step createAdmin +OK
[2020/09/24 05:56:57] Execute handler (onInstallStep): Array
(
    [result] => 
)

.============================ POST REQUEST ==========================.
[2020/09/24 07:56:57] Postback payload: Array
(
    [disableLog] => 1
)

[2020/09/24 07:56:57] Install step: setupProject
[2020/09/24 07:56:57] Step setupProject +OK
[2020/09/24 07:56:57] Execute handler (onInstallStep): Array
(
    [result] => 
)

.============================ POST REQUEST ==========================.
[2020/09/24 07:56:58] Postback payload: Array
(
    [step] => finishInstall
    [meta] => Array
        (
            [core] => Array
                (
                    [hash] => 5438e3117dab628d2a59e4494171969d
                    [build] => 469
                    [uhash] => 77923b28a5c9ea351ac80ef18e86da62
                )

        )

    [hash] => 5438e3117dab628d2a59e4494171969d
    [build] => 469
    [uhash] => 77923b28a5c9ea351ac80ef18e86da62
    [handler] => onInstallStep
)

[2020/09/24 07:56:58] Install step: finishInstall
[2020/09/24 05:56:59] Cleaning up file: a74ad8dfacd4f985eb3977517615ce25.arc
[2020/09/24 05:56:59] Step finishInstall +OK
[2020/09/24 05:56:59] Execute handler (onInstallStep): Array
(
    [result] => 
)

