[2020-09-24 06:16:39] dev.ERROR: Symfony\Component\Debug\Exception\FatalThrowableError: Class 'Tam\Timekeeping\Models\Factory' not found in C:\xampp\htdocs\install-master\vendor\laravel\framework\src\Illuminate\Database\Eloquent\Concerns\HasRelationships.php:653
Stack trace:
#0 C:\xampp\htdocs\install-master\vendor\october\rain\src\Database\Concerns\HasRelationships.php(403): Illuminate\Database\Eloquent\Model->newRelatedInstance('Tam\\Timekeeping...')
#1 C:\xampp\htdocs\install-master\vendor\october\rain\src\Database\Concerns\HasRelationships.php(267): October\Rain\Database\Model->belongsTo('Tam\\Timekeeping...', NULL, NULL, 'factory')
#2 C:\xampp\htdocs\install-master\vendor\october\rain\src\Database\Model.php(645): October\Rain\Database\Model->handleRelation('factory')
#3 C:\xampp\htdocs\install-master\vendor\october\rain\src\Database\Concerns\HasRelationships.php(698): October\Rain\Database\Model->__call('factory', Array)
#4 C:\xampp\htdocs\install-master\modules\backend\classes\FormField.php(702): October\Rain\Database\Model->getRelationValue('factory')
#5 C:\xampp\htdocs\install-master\modules\backend\classes\FormField.php(632): Backend\Classes\FormField->getFieldNameFromData('factory', Object(Dnc\Cnc24h\Models\Device), NULL)
#6 C:\xampp\htdocs\install-master\modules\backend\widgets\Form.php(1118): Backend\Classes\FormField->getValueFromData(Object(Dnc\Cnc24h\Models\Device), NULL)
#7 C:\xampp\htdocs\install-master\modules\backend\widgets\Form.php(877): Backend\Widgets\Form->getFieldValue(Object(Backend\Classes\FormField))
#8 C:\xampp\htdocs\install-master\modules\backend\widgets\Form.php(722): Backend\Widgets\Form->makeFormField('factory', Array)
#9 C:\xampp\htdocs\install-master\modules\backend\widgets\Form.php(552): Backend\Widgets\Form->addFields(Array)
#10 C:\xampp\htdocs\install-master\modules\backend\widgets\Form.php(154): Backend\Widgets\Form->defineFormFields()
#11 C:\xampp\htdocs\install-master\modules\backend\behaviors\FormController.php(174): Backend\Widgets\Form->bindToController()
#12 C:\xampp\htdocs\install-master\modules\backend\behaviors\FormController.php(220): Backend\Behaviors\FormController->initForm(Object(Dnc\Cnc24h\Models\Device))
#13 [internal function]: Backend\Behaviors\FormController->create()
#14 C:\xampp\htdocs\install-master\vendor\october\rain\src\Extension\ExtendableTrait.php(414): call_user_func_array(Array, Array)
#15 C:\xampp\htdocs\install-master\modules\backend\classes\Controller.php(184): Backend\Classes\Controller->extendableCall('create', Array)
#16 [internal function]: Backend\Classes\Controller->__call('create', Array)
#17 C:\xampp\htdocs\install-master\modules\backend\classes\Controller.php(405): call_user_func_array(Array, Array)
#18 C:\xampp\htdocs\install-master\modules\backend\classes\Controller.php(296): Backend\Classes\Controller->execPageAction('create', Array)
#19 C:\xampp\htdocs\install-master\modules\backend\classes\BackendController.php(165): Backend\Classes\Controller->run('create', Array)
#20 [internal function]: Backend\Classes\BackendController->run('dnc/cnc24h/devi...')
#21 C:\xampp\htdocs\install-master\vendor\laravel\framework\src\Illuminate\Routing\Controller.php(54): call_user_func_array(Array, Array)
#22 C:\xampp\htdocs\install-master\vendor\laravel\framework\src\Illuminate\Routing\ControllerDispatcher.php(45): Illuminate\Routing\Controller->callAction('run', Array)
#23 C:\xampp\htdocs\install-master\vendor\laravel\framework\src\Illuminate\Routing\Route.php(212): Illuminate\Routing\ControllerDispatcher->dispatch(Object(Illuminate\Routing\Route), Object(Backend\Classes\BackendController), 'run')
#24 C:\xampp\htdocs\install-master\vendor\laravel\framework\src\Illuminate\Routing\Route.php(169): Illuminate\Routing\Route->runController()
#25 C:\xampp\htdocs\install-master\vendor\laravel\framework\src\Illuminate\Routing\Router.php(658): Illuminate\Routing\Route->run()
#26 C:\xampp\htdocs\install-master\vendor\laravel\framework\src\Illuminate\Routing\Pipeline.php(30): Illuminate\Routing\Router->Illuminate\Routing\{closure}(Object(Illuminate\Http\Request))
#27 C:\xampp\htdocs\install-master\modules\backend\classes\BackendController.php(68): Illuminate\Routing\Pipeline->Illuminate\Routing\{closure}(Object(Illuminate\Http\Request))
#28 C:\xampp\htdocs\install-master\vendor\laravel\framework\src\Illuminate\Pipeline\Pipeline.php(131): Backend\Classes\BackendController->Backend\Classes\{closure}(Object(Illuminate\Http\Request), Object(Closure))
#29 C:\xampp\htdocs\install-master\vendor\laravel\framework\src\Illuminate\Routing\Pipeline.php(53): Illuminate\Pipeline\Pipeline->Illuminate\Pipeline\{closure}(Object(Illuminate\Http\Request))
#30 C:\xampp\htdocs\install-master\vendor\laravel\framework\src\Illuminate\Routing\Middleware\SubstituteBindings.php(41): Illuminate\Routing\Pipeline->Illuminate\Routing\{closure}(Object(Illuminate\Http\Request))
#31 C:\xampp\htdocs\install-master\vendor\laravel\framework\src\Illuminate\Pipeline\Pipeline.php(149): Illuminate\Routing\Middleware\SubstituteBindings->handle(Object(Illuminate\Http\Request), Object(Closure))
#32 C:\xampp\htdocs\install-master\vendor\laravel\framework\src\Illuminate\Routing\Pipeline.php(53): Illuminate\Pipeline\Pipeline->Illuminate\Pipeline\{closure}(Object(Illuminate\Http\Request))
#33 C:\xampp\htdocs\install-master\vendor\laravel\framework\src\Illuminate\View\Middleware\ShareErrorsFromSession.php(49): Illuminate\Routing\Pipeline->Illuminate\Routing\{closure}(Object(Illuminate\Http\Request))
#34 C:\xampp\htdocs\install-master\vendor\laravel\framework\src\Illuminate\Pipeline\Pipeline.php(149): Illuminate\View\Middleware\ShareErrorsFromSession->handle(Object(Illuminate\Http\Request), Object(Closure))
#35 C:\xampp\htdocs\install-master\vendor\laravel\framework\src\Illuminate\Routing\Pipeline.php(53): Illuminate\Pipeline\Pipeline->Illuminate\Pipeline\{closure}(Object(Illuminate\Http\Request))
#36 C:\xampp\htdocs\install-master\vendor\laravel\framework\src\Illuminate\Session\Middleware\StartSession.php(63): Illuminate\Routing\Pipeline->Illuminate\Routing\{closure}(Object(Illuminate\Http\Request))
#37 C:\xampp\htdocs\install-master\vendor\laravel\framework\src\Illuminate\Pipeline\Pipeline.php(149): Illuminate\Session\Middleware\StartSession->handle(Object(Illuminate\Http\Request), Object(Closure))
#38 C:\xampp\htdocs\install-master\vendor\laravel\framework\src\Illuminate\Routing\Pipeline.php(53): Illuminate\Pipeline\Pipeline->Illuminate\Pipeline\{closure}(Object(Illuminate\Http\Request))
#39 C:\xampp\htdocs\install-master\vendor\laravel\framework\src\Illuminate\Cookie\Middleware\AddQueuedCookiesToResponse.php(37): Illuminate\Routing\Pipeline->Illuminate\Routing\{closure}(Object(Illuminate\Http\Request))
#40 C:\xampp\htdocs\install-master\vendor\laravel\framework\src\Illuminate\Pipeline\Pipeline.php(149): Illuminate\Cookie\Middleware\AddQueuedCookiesToResponse->handle(Object(Illuminate\Http\Request), Object(Closure))
#41 C:\xampp\htdocs\install-master\vendor\laravel\framework\src\Illuminate\Routing\Pipeline.php(53): Illuminate\Pipeline\Pipeline->Illuminate\Pipeline\{closure}(Object(Illuminate\Http\Request))
#42 C:\xampp\htdocs\install-master\vendor\laravel\framework\src\Illuminate\Cookie\Middleware\EncryptCookies.php(68): Illuminate\Routing\Pipeline->Illuminate\Routing\{closure}(Object(Illuminate\Http\Request))
#43 C:\xampp\htdocs\install-master\vendor\laravel\framework\src\Illuminate\Pipeline\Pipeline.php(149): Illuminate\Cookie\Middleware\EncryptCookies->handle(Object(Illuminate\Http\Request), Object(Closure))
#44 C:\xampp\htdocs\install-master\vendor\laravel\framework\src\Illuminate\Routing\Pipeline.php(53): Illuminate\Pipeline\Pipeline->Illuminate\Pipeline\{closure}(Object(Illuminate\Http\Request))
#45 C:\xampp\htdocs\install-master\vendor\laravel\framework\src\Illuminate\Pipeline\Pipeline.php(102): Illuminate\Routing\Pipeline->Illuminate\Routing\{closure}(Object(Illuminate\Http\Request))
#46 C:\xampp\htdocs\install-master\vendor\laravel\framework\src\Illuminate\Routing\Router.php(660): Illuminate\Pipeline\Pipeline->then(Object(Closure))
#47 C:\xampp\htdocs\install-master\vendor\laravel\framework\src\Illuminate\Routing\Router.php(635): Illuminate\Routing\Router->runRouteWithinStack(Object(Illuminate\Routing\Route), Object(Illuminate\Http\Request))
#48 C:\xampp\htdocs\install-master\vendor\laravel\framework\src\Illuminate\Routing\Router.php(601): Illuminate\Routing\Router->runRoute(Object(Illuminate\Http\Request), Object(Illuminate\Routing\Route))
#49 C:\xampp\htdocs\install-master\vendor\october\rain\src\Router\CoreRouter.php(20): Illuminate\Routing\Router->dispatchToRoute(Object(Illuminate\Http\Request))
#50 C:\xampp\htdocs\install-master\vendor\laravel\framework\src\Illuminate\Foundation\Http\Kernel.php(176): October\Rain\Router\CoreRouter->dispatch(Object(Illuminate\Http\Request))
#51 C:\xampp\htdocs\install-master\vendor\laravel\framework\src\Illuminate\Routing\Pipeline.php(30): Illuminate\Foundation\Http\Kernel->Illuminate\Foundation\Http\{closure}(Object(Illuminate\Http\Request))
#52 C:\xampp\htdocs\install-master\vendor\laravel\framework\src\Illuminate\Foundation\Http\Middleware\CheckForMaintenanceMode.php(46): Illuminate\Routing\Pipeline->Illuminate\Routing\{closure}(Object(Illuminate\Http\Request))
#53 C:\xampp\htdocs\install-master\vendor\october\rain\src\Foundation\Http\Middleware\CheckForMaintenanceMode.php(25): Illuminate\Foundation\Http\Middleware\CheckForMaintenanceMode->handle(Object(Illuminate\Http\Request), Object(Closure))
#54 C:\xampp\htdocs\install-master\vendor\laravel\framework\src\Illuminate\Pipeline\Pipeline.php(149): October\Rain\Foundation\Http\Middleware\CheckForMaintenanceMode->handle(Object(Illuminate\Http\Request), Object(Closure))
#55 C:\xampp\htdocs\install-master\vendor\laravel\framework\src\Illuminate\Routing\Pipeline.php(53): Illuminate\Pipeline\Pipeline->Illuminate\Pipeline\{closure}(Object(Illuminate\Http\Request))
#56 C:\xampp\htdocs\install-master\plugins\offline\cors\classes\HandleCors.php(36): Illuminate\Routing\Pipeline->Illuminate\Routing\{closure}(Object(Illuminate\Http\Request))
#57 C:\xampp\htdocs\install-master\vendor\laravel\framework\src\Illuminate\Pipeline\Pipeline.php(149): OFFLINE\CORS\Classes\HandleCors->handle(Object(Illuminate\Http\Request), Object(Closure))
#58 C:\xampp\htdocs\install-master\vendor\laravel\framework\src\Illuminate\Routing\Pipeline.php(53): Illuminate\Pipeline\Pipeline->Illuminate\Pipeline\{closure}(Object(Illuminate\Http\Request))
#59 C:\xampp\htdocs\install-master\vendor\laravel\framework\src\Illuminate\Pipeline\Pipeline.php(102): Illuminate\Routing\Pipeline->Illuminate\Routing\{closure}(Object(Illuminate\Http\Request))
#60 C:\xampp\htdocs\install-master\vendor\laravel\framework\src\Illuminate\Foundation\Http\Kernel.php(151): Illuminate\Pipeline\Pipeline->then(Object(Closure))
#61 C:\xampp\htdocs\install-master\vendor\laravel\framework\src\Illuminate\Foundation\Http\Kernel.php(116): Illuminate\Foundation\Http\Kernel->sendRequestThroughRouter(Object(Illuminate\Http\Request))
#62 C:\xampp\htdocs\install-master\index.php(43): Illuminate\Foundation\Http\Kernel->handle(Object(Illuminate\Http\Request))
#63 {main}  
[2020-09-24 06:22:23] dev.ERROR: Swift_TransportException: Expected response code 250 but got code "550", with message "550 5.7.1 Relaying denied
" in C:\xampp\htdocs\install-master\vendor\swiftmailer\swiftmailer\lib\classes\Swift\Transport\AbstractSmtpTransport.php:457
Stack trace:
#0 C:\xampp\htdocs\install-master\vendor\swiftmailer\swiftmailer\lib\classes\Swift\Transport\AbstractSmtpTransport.php(341): Swift_Transport_AbstractSmtpTransport->assertResponseCode('550 5.7.1 Relay...', Array)
#1 C:\xampp\htdocs\install-master\vendor\swiftmailer\swiftmailer\lib\classes\Swift\Transport\EsmtpTransport.php(305): Swift_Transport_AbstractSmtpTransport->executeCommand('MAIL FROM:<nore...', Array, Array, false, NULL)
#2 C:\xampp\htdocs\install-master\vendor\swiftmailer\swiftmailer\lib\classes\Swift\Transport\AbstractSmtpTransport.php(390): Swift_Transport_EsmtpTransport->executeCommand('DATA\r\n', Array, Array)
#3 C:\xampp\htdocs\install-master\vendor\swiftmailer\swiftmailer\lib\classes\Swift\Transport\AbstractSmtpTransport.php(497): Swift_Transport_AbstractSmtpTransport->doDataCommand(Array)
#4 C:\xampp\htdocs\install-master\vendor\swiftmailer\swiftmailer\lib\classes\Swift\Transport\AbstractSmtpTransport.php(516): Swift_Transport_AbstractSmtpTransport->doMailTransaction(Object(Swift_Message), 'noreply@domain....', Array, Array)
#5 C:\xampp\htdocs\install-master\vendor\swiftmailer\swiftmailer\lib\classes\Swift\Transport\AbstractSmtpTransport.php(206): Swift_Transport_AbstractSmtpTransport->sendTo(Object(Swift_Message), 'noreply@domain....', Array, Array)
#6 C:\xampp\htdocs\install-master\vendor\swiftmailer\swiftmailer\lib\classes\Swift\Mailer.php(71): Swift_Transport_AbstractSmtpTransport->send(Object(Swift_Message), Array)
#7 C:\xampp\htdocs\install-master\vendor\laravel\framework\src\Illuminate\Mail\Mailer.php(451): Swift_Mailer->send(Object(Swift_Message), Array)
#8 C:\xampp\htdocs\install-master\vendor\october\rain\src\Mail\Mailer.php(115): Illuminate\Mail\Mailer->sendSwiftMessage(Object(Swift_Message))
#9 C:\xampp\htdocs\install-master\vendor\october\rain\src\Mail\Mailer.php(181): October\Rain\Mail\Mailer->send('rainlab.user::m...', Array, Object(Closure))
#10 C:\xampp\htdocs\install-master\vendor\laravel\framework\src\Illuminate\Support\Facades\Facade.php(221): October\Rain\Mail\Mailer->sendTo(Array, 'rainlab.user::m...', Array)
#11 C:\xampp\htdocs\install-master\plugins\rainlab\user\models\User.php(503): Illuminate\Support\Facades\Facade::__callStatic('sendTo', Array)
#12 C:\xampp\htdocs\install-master\plugins\rainlab\user\models\User.php(268): RainLab\User\Models\User->sendInvitation()
#13 C:\xampp\htdocs\install-master\vendor\october\rain\src\Database\Model.php(168): RainLab\User\Models\User->afterCreate()
#14 [internal function]: October\Rain\Database\Model->October\Rain\Database\{closure}(Object(RainLab\User\Models\User))
#15 C:\xampp\htdocs\install-master\vendor\october\rain\src\Events\Dispatcher.php(233): call_user_func_array(Object(Closure), Array)
#16 C:\xampp\htdocs\install-master\vendor\october\rain\src\Events\Dispatcher.php(197): October\Rain\Events\Dispatcher->dispatch('eloquent.create...', Array, false)
#17 C:\xampp\htdocs\install-master\vendor\laravel\framework\src\Illuminate\Database\Eloquent\Concerns\HasEvents.php(148): October\Rain\Events\Dispatcher->fire('eloquent.create...', Object(RainLab\User\Models\User))
#18 C:\xampp\htdocs\install-master\vendor\laravel\framework\src\Illuminate\Database\Eloquent\Model.php(708): Illuminate\Database\Eloquent\Model->fireModelEvent('created', false)
#19 C:\xampp\htdocs\install-master\vendor\laravel\framework\src\Illuminate\Database\Eloquent\Model.php(550): Illuminate\Database\Eloquent\Model->performInsert(Object(October\Rain\Database\Builder))
#20 C:\xampp\htdocs\install-master\vendor\october\rain\src\Database\Model.php(761): Illuminate\Database\Eloquent\Model->save(Array)
#21 C:\xampp\htdocs\install-master\vendor\october\rain\src\Database\Model.php(794): October\Rain\Database\Model->saveInternal(Array)
#22 C:\xampp\htdocs\install-master\modules\backend\behaviors\FormController.php(252): October\Rain\Database\Model->save(NULL, 'quynlcepOfkdvpH...')
#23 C:\xampp\htdocs\install-master\vendor\laravel\framework\src\Illuminate\Database\Concerns\ManagesTransactions.php(29): Backend\Behaviors\FormController->Backend\Behaviors\{closure}(Object(October\Rain\Database\Connections\MySqlConnection))
#24 C:\xampp\htdocs\install-master\vendor\laravel\framework\src\Illuminate\Database\DatabaseManager.php(327): Illuminate\Database\Connection->transaction(Object(Closure))
#25 C:\xampp\htdocs\install-master\vendor\laravel\framework\src\Illuminate\Support\Facades\Facade.php(221): Illuminate\Database\DatabaseManager->__call('transaction', Array)
#26 C:\xampp\htdocs\install-master\modules\backend\behaviors\FormController.php(254): Illuminate\Support\Facades\Facade::__callStatic('transaction', Array)
#27 [internal function]: Backend\Behaviors\FormController->create_onSave()
#28 C:\xampp\htdocs\install-master\vendor\october\rain\src\Extension\ExtendableTrait.php(414): call_user_func_array(Array, Array)
#29 C:\xampp\htdocs\install-master\modules\backend\classes\Controller.php(184): Backend\Classes\Controller->extendableCall('create_onSave', Array)
#30 [internal function]: Backend\Classes\Controller->__call('create_onSave', Array)
#31 C:\xampp\htdocs\install-master\modules\backend\classes\Controller.php(620): call_user_func_array(Array, Array)
#32 C:\xampp\htdocs\install-master\modules\backend\classes\Controller.php(478): Backend\Classes\Controller->runAjaxHandler('onSave')
#33 C:\xampp\htdocs\install-master\modules\backend\classes\Controller.php(277): Backend\Classes\Controller->execAjaxHandlers()
#34 C:\xampp\htdocs\install-master\modules\backend\classes\BackendController.php(165): Backend\Classes\Controller->run('create', Array)
#35 [internal function]: Backend\Classes\BackendController->run('rainlab/user/us...')
#36 C:\xampp\htdocs\install-master\vendor\laravel\framework\src\Illuminate\Routing\Controller.php(54): call_user_func_array(Array, Array)
#37 C:\xampp\htdocs\install-master\vendor\laravel\framework\src\Illuminate\Routing\ControllerDispatcher.php(45): Illuminate\Routing\Controller->callAction('run', Array)
#38 C:\xampp\htdocs\install-master\vendor\laravel\framework\src\Illuminate\Routing\Route.php(212): Illuminate\Routing\ControllerDispatcher->dispatch(Object(Illuminate\Routing\Route), Object(Backend\Classes\BackendController), 'run')
#39 C:\xampp\htdocs\install-master\vendor\laravel\framework\src\Illuminate\Routing\Route.php(169): Illuminate\Routing\Route->runController()
#40 C:\xampp\htdocs\install-master\vendor\laravel\framework\src\Illuminate\Routing\Router.php(658): Illuminate\Routing\Route->run()
#41 C:\xampp\htdocs\install-master\vendor\laravel\framework\src\Illuminate\Routing\Pipeline.php(30): Illuminate\Routing\Router->Illuminate\Routing\{closure}(Object(Illuminate\Http\Request))
#42 C:\xampp\htdocs\install-master\modules\backend\classes\BackendController.php(68): Illuminate\Routing\Pipeline->Illuminate\Routing\{closure}(Object(Illuminate\Http\Request))
#43 C:\xampp\htdocs\install-master\vendor\laravel\framework\src\Illuminate\Pipeline\Pipeline.php(131): Backend\Classes\BackendController->Backend\Classes\{closure}(Object(Illuminate\Http\Request), Object(Closure))
#44 C:\xampp\htdocs\install-master\vendor\laravel\framework\src\Illuminate\Routing\Pipeline.php(53): Illuminate\Pipeline\Pipeline->Illuminate\Pipeline\{closure}(Object(Illuminate\Http\Request))
#45 C:\xampp\htdocs\install-master\vendor\laravel\framework\src\Illuminate\Routing\Middleware\SubstituteBindings.php(41): Illuminate\Routing\Pipeline->Illuminate\Routing\{closure}(Object(Illuminate\Http\Request))
#46 C:\xampp\htdocs\install-master\vendor\laravel\framework\src\Illuminate\Pipeline\Pipeline.php(149): Illuminate\Routing\Middleware\SubstituteBindings->handle(Object(Illuminate\Http\Request), Object(Closure))
#47 C:\xampp\htdocs\install-master\vendor\laravel\framework\src\Illuminate\Routing\Pipeline.php(53): Illuminate\Pipeline\Pipeline->Illuminate\Pipeline\{closure}(Object(Illuminate\Http\Request))
#48 C:\xampp\htdocs\install-master\vendor\laravel\framework\src\Illuminate\View\Middleware\ShareErrorsFromSession.php(49): Illuminate\Routing\Pipeline->Illuminate\Routing\{closure}(Object(Illuminate\Http\Request))
#49 C:\xampp\htdocs\install-master\vendor\laravel\framework\src\Illuminate\Pipeline\Pipeline.php(149): Illuminate\View\Middleware\ShareErrorsFromSession->handle(Object(Illuminate\Http\Request), Object(Closure))
#50 C:\xampp\htdocs\install-master\vendor\laravel\framework\src\Illuminate\Routing\Pipeline.php(53): Illuminate\Pipeline\Pipeline->Illuminate\Pipeline\{closure}(Object(Illuminate\Http\Request))
#51 C:\xampp\htdocs\install-master\vendor\laravel\framework\src\Illuminate\Session\Middleware\StartSession.php(63): Illuminate\Routing\Pipeline->Illuminate\Routing\{closure}(Object(Illuminate\Http\Request))
#52 C:\xampp\htdocs\install-master\vendor\laravel\framework\src\Illuminate\Pipeline\Pipeline.php(149): Illuminate\Session\Middleware\StartSession->handle(Object(Illuminate\Http\Request), Object(Closure))
#53 C:\xampp\htdocs\install-master\vendor\laravel\framework\src\Illuminate\Routing\Pipeline.php(53): Illuminate\Pipeline\Pipeline->Illuminate\Pipeline\{closure}(Object(Illuminate\Http\Request))
#54 C:\xampp\htdocs\install-master\vendor\laravel\framework\src\Illuminate\Cookie\Middleware\AddQueuedCookiesToResponse.php(37): Illuminate\Routing\Pipeline->Illuminate\Routing\{closure}(Object(Illuminate\Http\Request))
#55 C:\xampp\htdocs\install-master\vendor\laravel\framework\src\Illuminate\Pipeline\Pipeline.php(149): Illuminate\Cookie\Middleware\AddQueuedCookiesToResponse->handle(Object(Illuminate\Http\Request), Object(Closure))
#56 C:\xampp\htdocs\install-master\vendor\laravel\framework\src\Illuminate\Routing\Pipeline.php(53): Illuminate\Pipeline\Pipeline->Illuminate\Pipeline\{closure}(Object(Illuminate\Http\Request))
#57 C:\xampp\htdocs\install-master\vendor\laravel\framework\src\Illuminate\Cookie\Middleware\EncryptCookies.php(68): Illuminate\Routing\Pipeline->Illuminate\Routing\{closure}(Object(Illuminate\Http\Request))
#58 C:\xampp\htdocs\install-master\vendor\laravel\framework\src\Illuminate\Pipeline\Pipeline.php(149): Illuminate\Cookie\Middleware\EncryptCookies->handle(Object(Illuminate\Http\Request), Object(Closure))
#59 C:\xampp\htdocs\install-master\vendor\laravel\framework\src\Illuminate\Routing\Pipeline.php(53): Illuminate\Pipeline\Pipeline->Illuminate\Pipeline\{closure}(Object(Illuminate\Http\Request))
#60 C:\xampp\htdocs\install-master\vendor\laravel\framework\src\Illuminate\Pipeline\Pipeline.php(102): Illuminate\Routing\Pipeline->Illuminate\Routing\{closure}(Object(Illuminate\Http\Request))
#61 C:\xampp\htdocs\install-master\vendor\laravel\framework\src\Illuminate\Routing\Router.php(660): Illuminate\Pipeline\Pipeline->then(Object(Closure))
#62 C:\xampp\htdocs\install-master\vendor\laravel\framework\src\Illuminate\Routing\Router.php(635): Illuminate\Routing\Router->runRouteWithinStack(Object(Illuminate\Routing\Route), Object(Illuminate\Http\Request))
#63 C:\xampp\htdocs\install-master\vendor\laravel\framework\src\Illuminate\Routing\Router.php(601): Illuminate\Routing\Router->runRoute(Object(Illuminate\Http\Request), Object(Illuminate\Routing\Route))
#64 C:\xampp\htdocs\install-master\vendor\october\rain\src\Router\CoreRouter.php(20): Illuminate\Routing\Router->dispatchToRoute(Object(Illuminate\Http\Request))
#65 C:\xampp\htdocs\install-master\vendor\laravel\framework\src\Illuminate\Foundation\Http\Kernel.php(176): October\Rain\Router\CoreRouter->dispatch(Object(Illuminate\Http\Request))
#66 C:\xampp\htdocs\install-master\vendor\laravel\framework\src\Illuminate\Routing\Pipeline.php(30): Illuminate\Foundation\Http\Kernel->Illuminate\Foundation\Http\{closure}(Object(Illuminate\Http\Request))
#67 C:\xampp\htdocs\install-master\vendor\laravel\framework\src\Illuminate\Foundation\Http\Middleware\CheckForMaintenanceMode.php(46): Illuminate\Routing\Pipeline->Illuminate\Routing\{closure}(Object(Illuminate\Http\Request))
#68 C:\xampp\htdocs\install-master\vendor\october\rain\src\Foundation\Http\Middleware\CheckForMaintenanceMode.php(25): Illuminate\Foundation\Http\Middleware\CheckForMaintenanceMode->handle(Object(Illuminate\Http\Request), Object(Closure))
#69 C:\xampp\htdocs\install-master\vendor\laravel\framework\src\Illuminate\Pipeline\Pipeline.php(149): October\Rain\Foundation\Http\Middleware\CheckForMaintenanceMode->handle(Object(Illuminate\Http\Request), Object(Closure))
#70 C:\xampp\htdocs\install-master\vendor\laravel\framework\src\Illuminate\Routing\Pipeline.php(53): Illuminate\Pipeline\Pipeline->Illuminate\Pipeline\{closure}(Object(Illuminate\Http\Request))
#71 C:\xampp\htdocs\install-master\plugins\offline\cors\classes\HandleCors.php(36): Illuminate\Routing\Pipeline->Illuminate\Routing\{closure}(Object(Illuminate\Http\Request))
#72 C:\xampp\htdocs\install-master\vendor\laravel\framework\src\Illuminate\Pipeline\Pipeline.php(149): OFFLINE\CORS\Classes\HandleCors->handle(Object(Illuminate\Http\Request), Object(Closure))
#73 C:\xampp\htdocs\install-master\vendor\laravel\framework\src\Illuminate\Routing\Pipeline.php(53): Illuminate\Pipeline\Pipeline->Illuminate\Pipeline\{closure}(Object(Illuminate\Http\Request))
#74 C:\xampp\htdocs\install-master\vendor\laravel\framework\src\Illuminate\Pipeline\Pipeline.php(102): Illuminate\Routing\Pipeline->Illuminate\Routing\{closure}(Object(Illuminate\Http\Request))
#75 C:\xampp\htdocs\install-master\vendor\laravel\framework\src\Illuminate\Foundation\Http\Kernel.php(151): Illuminate\Pipeline\Pipeline->then(Object(Closure))
#76 C:\xampp\htdocs\install-master\vendor\laravel\framework\src\Illuminate\Foundation\Http\Kernel.php(116): Illuminate\Foundation\Http\Kernel->sendRequestThroughRouter(Object(Illuminate\Http\Request))
#77 C:\xampp\htdocs\install-master\index.php(43): Illuminate\Foundation\Http\Kernel->handle(Object(Illuminate\Http\Request))
#78 {main}  
[2020-09-24 07:06:16] dev.ERROR: ErrorException: count(): Parameter must be an array or an object that implements Countable in C:\xampp\htdocs\install-master\plugins\ahmadfatoni\apigenerator\controllers\api\DeviceAPIController.php:34
Stack trace:
#0 [internal function]: Illuminate\Foundation\Bootstrap\HandleExceptions->handleError(2, 'count(): Parame...', 'C:\\xampp\\htdocs...', 34, Array)
#1 C:\xampp\htdocs\install-master\plugins\ahmadfatoni\apigenerator\controllers\api\DeviceAPIController.php(34): count(Object(Dnc\Cnc24h\Models\Device))
#2 [internal function]: AhmadFatoni\ApiGenerator\Controllers\API\DeviceAPIController->show('1')
#3 C:\xampp\htdocs\install-master\plugins\ahmadfatoni\apigenerator\controllers\api\DeviceAPIController.php(98): call_user_func_array(Array, Array)
#4 C:\xampp\htdocs\install-master\vendor\laravel\framework\src\Illuminate\Routing\ControllerDispatcher.php(45): AhmadFatoni\ApiGenerator\Controllers\API\DeviceAPIController->callAction('show', Array)
#5 C:\xampp\htdocs\install-master\vendor\laravel\framework\src\Illuminate\Routing\Route.php(212): Illuminate\Routing\ControllerDispatcher->dispatch(Object(Illuminate\Routing\Route), Object(AhmadFatoni\ApiGenerator\Controllers\API\DeviceAPIController), 'show')
#6 C:\xampp\htdocs\install-master\vendor\laravel\framework\src\Illuminate\Routing\Route.php(169): Illuminate\Routing\Route->runController()
#7 C:\xampp\htdocs\install-master\vendor\laravel\framework\src\Illuminate\Routing\Router.php(658): Illuminate\Routing\Route->run()
#8 C:\xampp\htdocs\install-master\vendor\laravel\framework\src\Illuminate\Routing\Pipeline.php(30): Illuminate\Routing\Router->Illuminate\Routing\{closure}(Object(Illuminate\Http\Request))
#9 C:\xampp\htdocs\install-master\vendor\laravel\framework\src\Illuminate\Pipeline\Pipeline.php(102): Illuminate\Routing\Pipeline->Illuminate\Routing\{closure}(Object(Illuminate\Http\Request))
#10 C:\xampp\htdocs\install-master\vendor\laravel\framework\src\Illuminate\Routing\Router.php(660): Illuminate\Pipeline\Pipeline->then(Object(Closure))
#11 C:\xampp\htdocs\install-master\vendor\laravel\framework\src\Illuminate\Routing\Router.php(635): Illuminate\Routing\Router->runRouteWithinStack(Object(Illuminate\Routing\Route), Object(Illuminate\Http\Request))
#12 C:\xampp\htdocs\install-master\vendor\laravel\framework\src\Illuminate\Routing\Router.php(601): Illuminate\Routing\Router->runRoute(Object(Illuminate\Http\Request), Object(Illuminate\Routing\Route))
#13 C:\xampp\htdocs\install-master\vendor\october\rain\src\Router\CoreRouter.php(20): Illuminate\Routing\Router->dispatchToRoute(Object(Illuminate\Http\Request))
#14 C:\xampp\htdocs\install-master\vendor\laravel\framework\src\Illuminate\Foundation\Http\Kernel.php(176): October\Rain\Router\CoreRouter->dispatch(Object(Illuminate\Http\Request))
#15 C:\xampp\htdocs\install-master\vendor\laravel\framework\src\Illuminate\Routing\Pipeline.php(30): Illuminate\Foundation\Http\Kernel->Illuminate\Foundation\Http\{closure}(Object(Illuminate\Http\Request))
#16 C:\xampp\htdocs\install-master\vendor\laravel\framework\src\Illuminate\Foundation\Http\Middleware\CheckForMaintenanceMode.php(46): Illuminate\Routing\Pipeline->Illuminate\Routing\{closure}(Object(Illuminate\Http\Request))
#17 C:\xampp\htdocs\install-master\vendor\october\rain\src\Foundation\Http\Middleware\CheckForMaintenanceMode.php(25): Illuminate\Foundation\Http\Middleware\CheckForMaintenanceMode->handle(Object(Illuminate\Http\Request), Object(Closure))
#18 C:\xampp\htdocs\install-master\vendor\laravel\framework\src\Illuminate\Pipeline\Pipeline.php(149): October\Rain\Foundation\Http\Middleware\CheckForMaintenanceMode->handle(Object(Illuminate\Http\Request), Object(Closure))
#19 C:\xampp\htdocs\install-master\vendor\laravel\framework\src\Illuminate\Routing\Pipeline.php(53): Illuminate\Pipeline\Pipeline->Illuminate\Pipeline\{closure}(Object(Illuminate\Http\Request))
#20 C:\xampp\htdocs\install-master\plugins\offline\cors\classes\HandleCors.php(36): Illuminate\Routing\Pipeline->Illuminate\Routing\{closure}(Object(Illuminate\Http\Request))
#21 C:\xampp\htdocs\install-master\vendor\laravel\framework\src\Illuminate\Pipeline\Pipeline.php(149): OFFLINE\CORS\Classes\HandleCors->handle(Object(Illuminate\Http\Request), Object(Closure))
#22 C:\xampp\htdocs\install-master\vendor\laravel\framework\src\Illuminate\Routing\Pipeline.php(53): Illuminate\Pipeline\Pipeline->Illuminate\Pipeline\{closure}(Object(Illuminate\Http\Request))
#23 C:\xampp\htdocs\install-master\vendor\laravel\framework\src\Illuminate\Pipeline\Pipeline.php(102): Illuminate\Routing\Pipeline->Illuminate\Routing\{closure}(Object(Illuminate\Http\Request))
#24 C:\xampp\htdocs\install-master\vendor\laravel\framework\src\Illuminate\Foundation\Http\Kernel.php(151): Illuminate\Pipeline\Pipeline->then(Object(Closure))
#25 C:\xampp\htdocs\install-master\vendor\laravel\framework\src\Illuminate\Foundation\Http\Kernel.php(116): Illuminate\Foundation\Http\Kernel->sendRequestThroughRouter(Object(Illuminate\Http\Request))
#26 C:\xampp\htdocs\install-master\index.php(43): Illuminate\Foundation\Http\Kernel->handle(Object(Illuminate\Http\Request))
#27 {main}  
[2020-09-24 07:06:20] dev.ERROR: ErrorException: count(): Parameter must be an array or an object that implements Countable in C:\xampp\htdocs\install-master\plugins\ahmadfatoni\apigenerator\controllers\api\DeviceAPIController.php:34
Stack trace:
#0 [internal function]: Illuminate\Foundation\Bootstrap\HandleExceptions->handleError(2, 'count(): Parame...', 'C:\\xampp\\htdocs...', 34, Array)
#1 C:\xampp\htdocs\install-master\plugins\ahmadfatoni\apigenerator\controllers\api\DeviceAPIController.php(34): count(Object(Dnc\Cnc24h\Models\Device))
#2 [internal function]: AhmadFatoni\ApiGenerator\Controllers\API\DeviceAPIController->show('1')
#3 C:\xampp\htdocs\install-master\plugins\ahmadfatoni\apigenerator\controllers\api\DeviceAPIController.php(98): call_user_func_array(Array, Array)
#4 C:\xampp\htdocs\install-master\vendor\laravel\framework\src\Illuminate\Routing\ControllerDispatcher.php(45): AhmadFatoni\ApiGenerator\Controllers\API\DeviceAPIController->callAction('show', Array)
#5 C:\xampp\htdocs\install-master\vendor\laravel\framework\src\Illuminate\Routing\Route.php(212): Illuminate\Routing\ControllerDispatcher->dispatch(Object(Illuminate\Routing\Route), Object(AhmadFatoni\ApiGenerator\Controllers\API\DeviceAPIController), 'show')
#6 C:\xampp\htdocs\install-master\vendor\laravel\framework\src\Illuminate\Routing\Route.php(169): Illuminate\Routing\Route->runController()
#7 C:\xampp\htdocs\install-master\vendor\laravel\framework\src\Illuminate\Routing\Router.php(658): Illuminate\Routing\Route->run()
#8 C:\xampp\htdocs\install-master\vendor\laravel\framework\src\Illuminate\Routing\Pipeline.php(30): Illuminate\Routing\Router->Illuminate\Routing\{closure}(Object(Illuminate\Http\Request))
#9 C:\xampp\htdocs\install-master\vendor\laravel\framework\src\Illuminate\Pipeline\Pipeline.php(102): Illuminate\Routing\Pipeline->Illuminate\Routing\{closure}(Object(Illuminate\Http\Request))
#10 C:\xampp\htdocs\install-master\vendor\laravel\framework\src\Illuminate\Routing\Router.php(660): Illuminate\Pipeline\Pipeline->then(Object(Closure))
#11 C:\xampp\htdocs\install-master\vendor\laravel\framework\src\Illuminate\Routing\Router.php(635): Illuminate\Routing\Router->runRouteWithinStack(Object(Illuminate\Routing\Route), Object(Illuminate\Http\Request))
#12 C:\xampp\htdocs\install-master\vendor\laravel\framework\src\Illuminate\Routing\Router.php(601): Illuminate\Routing\Router->runRoute(Object(Illuminate\Http\Request), Object(Illuminate\Routing\Route))
#13 C:\xampp\htdocs\install-master\vendor\october\rain\src\Router\CoreRouter.php(20): Illuminate\Routing\Router->dispatchToRoute(Object(Illuminate\Http\Request))
#14 C:\xampp\htdocs\install-master\vendor\laravel\framework\src\Illuminate\Foundation\Http\Kernel.php(176): October\Rain\Router\CoreRouter->dispatch(Object(Illuminate\Http\Request))
#15 C:\xampp\htdocs\install-master\vendor\laravel\framework\src\Illuminate\Routing\Pipeline.php(30): Illuminate\Foundation\Http\Kernel->Illuminate\Foundation\Http\{closure}(Object(Illuminate\Http\Request))
#16 C:\xampp\htdocs\install-master\vendor\laravel\framework\src\Illuminate\Foundation\Http\Middleware\CheckForMaintenanceMode.php(46): Illuminate\Routing\Pipeline->Illuminate\Routing\{closure}(Object(Illuminate\Http\Request))
#17 C:\xampp\htdocs\install-master\vendor\october\rain\src\Foundation\Http\Middleware\CheckForMaintenanceMode.php(25): Illuminate\Foundation\Http\Middleware\CheckForMaintenanceMode->handle(Object(Illuminate\Http\Request), Object(Closure))
#18 C:\xampp\htdocs\install-master\vendor\laravel\framework\src\Illuminate\Pipeline\Pipeline.php(149): October\Rain\Foundation\Http\Middleware\CheckForMaintenanceMode->handle(Object(Illuminate\Http\Request), Object(Closure))
#19 C:\xampp\htdocs\install-master\vendor\laravel\framework\src\Illuminate\Routing\Pipeline.php(53): Illuminate\Pipeline\Pipeline->Illuminate\Pipeline\{closure}(Object(Illuminate\Http\Request))
#20 C:\xampp\htdocs\install-master\plugins\offline\cors\classes\HandleCors.php(36): Illuminate\Routing\Pipeline->Illuminate\Routing\{closure}(Object(Illuminate\Http\Request))
#21 C:\xampp\htdocs\install-master\vendor\laravel\framework\src\Illuminate\Pipeline\Pipeline.php(149): OFFLINE\CORS\Classes\HandleCors->handle(Object(Illuminate\Http\Request), Object(Closure))
#22 C:\xampp\htdocs\install-master\vendor\laravel\framework\src\Illuminate\Routing\Pipeline.php(53): Illuminate\Pipeline\Pipeline->Illuminate\Pipeline\{closure}(Object(Illuminate\Http\Request))
#23 C:\xampp\htdocs\install-master\vendor\laravel\framework\src\Illuminate\Pipeline\Pipeline.php(102): Illuminate\Routing\Pipeline->Illuminate\Routing\{closure}(Object(Illuminate\Http\Request))
#24 C:\xampp\htdocs\install-master\vendor\laravel\framework\src\Illuminate\Foundation\Http\Kernel.php(151): Illuminate\Pipeline\Pipeline->then(Object(Closure))
#25 C:\xampp\htdocs\install-master\vendor\laravel\framework\src\Illuminate\Foundation\Http\Kernel.php(116): Illuminate\Foundation\Http\Kernel->sendRequestThroughRouter(Object(Illuminate\Http\Request))
#26 C:\xampp\htdocs\install-master\index.php(43): Illuminate\Foundation\Http\Kernel->handle(Object(Illuminate\Http\Request))
#27 {main}  
[2020-09-24 07:06:38] dev.ERROR: ErrorException: count(): Parameter must be an array or an object that implements Countable in C:\xampp\htdocs\install-master\plugins\ahmadfatoni\apigenerator\controllers\api\DeviceAPIController.php:34
Stack trace:
#0 [internal function]: Illuminate\Foundation\Bootstrap\HandleExceptions->handleError(2, 'count(): Parame...', 'C:\\xampp\\htdocs...', 34, Array)
#1 C:\xampp\htdocs\install-master\plugins\ahmadfatoni\apigenerator\controllers\api\DeviceAPIController.php(34): count(Object(Dnc\Cnc24h\Models\Device))
#2 [internal function]: AhmadFatoni\ApiGenerator\Controllers\API\DeviceAPIController->show('1')
#3 C:\xampp\htdocs\install-master\plugins\ahmadfatoni\apigenerator\controllers\api\DeviceAPIController.php(98): call_user_func_array(Array, Array)
#4 C:\xampp\htdocs\install-master\vendor\laravel\framework\src\Illuminate\Routing\ControllerDispatcher.php(45): AhmadFatoni\ApiGenerator\Controllers\API\DeviceAPIController->callAction('show', Array)
#5 C:\xampp\htdocs\install-master\vendor\laravel\framework\src\Illuminate\Routing\Route.php(212): Illuminate\Routing\ControllerDispatcher->dispatch(Object(Illuminate\Routing\Route), Object(AhmadFatoni\ApiGenerator\Controllers\API\DeviceAPIController), 'show')
#6 C:\xampp\htdocs\install-master\vendor\laravel\framework\src\Illuminate\Routing\Route.php(169): Illuminate\Routing\Route->runController()
#7 C:\xampp\htdocs\install-master\vendor\laravel\framework\src\Illuminate\Routing\Router.php(658): Illuminate\Routing\Route->run()
#8 C:\xampp\htdocs\install-master\vendor\laravel\framework\src\Illuminate\Routing\Pipeline.php(30): Illuminate\Routing\Router->Illuminate\Routing\{closure}(Object(Illuminate\Http\Request))
#9 C:\xampp\htdocs\install-master\vendor\laravel\framework\src\Illuminate\Pipeline\Pipeline.php(102): Illuminate\Routing\Pipeline->Illuminate\Routing\{closure}(Object(Illuminate\Http\Request))
#10 C:\xampp\htdocs\install-master\vendor\laravel\framework\src\Illuminate\Routing\Router.php(660): Illuminate\Pipeline\Pipeline->then(Object(Closure))
#11 C:\xampp\htdocs\install-master\vendor\laravel\framework\src\Illuminate\Routing\Router.php(635): Illuminate\Routing\Router->runRouteWithinStack(Object(Illuminate\Routing\Route), Object(Illuminate\Http\Request))
#12 C:\xampp\htdocs\install-master\vendor\laravel\framework\src\Illuminate\Routing\Router.php(601): Illuminate\Routing\Router->runRoute(Object(Illuminate\Http\Request), Object(Illuminate\Routing\Route))
#13 C:\xampp\htdocs\install-master\vendor\october\rain\src\Router\CoreRouter.php(20): Illuminate\Routing\Router->dispatchToRoute(Object(Illuminate\Http\Request))
#14 C:\xampp\htdocs\install-master\vendor\laravel\framework\src\Illuminate\Foundation\Http\Kernel.php(176): October\Rain\Router\CoreRouter->dispatch(Object(Illuminate\Http\Request))
#15 C:\xampp\htdocs\install-master\vendor\laravel\framework\src\Illuminate\Routing\Pipeline.php(30): Illuminate\Foundation\Http\Kernel->Illuminate\Foundation\Http\{closure}(Object(Illuminate\Http\Request))
#16 C:\xampp\htdocs\install-master\vendor\laravel\framework\src\Illuminate\Foundation\Http\Middleware\CheckForMaintenanceMode.php(46): Illuminate\Routing\Pipeline->Illuminate\Routing\{closure}(Object(Illuminate\Http\Request))
#17 C:\xampp\htdocs\install-master\vendor\october\rain\src\Foundation\Http\Middleware\CheckForMaintenanceMode.php(25): Illuminate\Foundation\Http\Middleware\CheckForMaintenanceMode->handle(Object(Illuminate\Http\Request), Object(Closure))
#18 C:\xampp\htdocs\install-master\vendor\laravel\framework\src\Illuminate\Pipeline\Pipeline.php(149): October\Rain\Foundation\Http\Middleware\CheckForMaintenanceMode->handle(Object(Illuminate\Http\Request), Object(Closure))
#19 C:\xampp\htdocs\install-master\vendor\laravel\framework\src\Illuminate\Routing\Pipeline.php(53): Illuminate\Pipeline\Pipeline->Illuminate\Pipeline\{closure}(Object(Illuminate\Http\Request))
#20 C:\xampp\htdocs\install-master\plugins\offline\cors\classes\HandleCors.php(36): Illuminate\Routing\Pipeline->Illuminate\Routing\{closure}(Object(Illuminate\Http\Request))
#21 C:\xampp\htdocs\install-master\vendor\laravel\framework\src\Illuminate\Pipeline\Pipeline.php(149): OFFLINE\CORS\Classes\HandleCors->handle(Object(Illuminate\Http\Request), Object(Closure))
#22 C:\xampp\htdocs\install-master\vendor\laravel\framework\src\Illuminate\Routing\Pipeline.php(53): Illuminate\Pipeline\Pipeline->Illuminate\Pipeline\{closure}(Object(Illuminate\Http\Request))
#23 C:\xampp\htdocs\install-master\vendor\laravel\framework\src\Illuminate\Pipeline\Pipeline.php(102): Illuminate\Routing\Pipeline->Illuminate\Routing\{closure}(Object(Illuminate\Http\Request))
#24 C:\xampp\htdocs\install-master\vendor\laravel\framework\src\Illuminate\Foundation\Http\Kernel.php(151): Illuminate\Pipeline\Pipeline->then(Object(Closure))
#25 C:\xampp\htdocs\install-master\vendor\laravel\framework\src\Illuminate\Foundation\Http\Kernel.php(116): Illuminate\Foundation\Http\Kernel->sendRequestThroughRouter(Object(Illuminate\Http\Request))
#26 C:\xampp\htdocs\install-master\index.php(43): Illuminate\Foundation\Http\Kernel->handle(Object(Illuminate\Http\Request))
#27 {main}  
[2020-09-24 07:09:10] dev.ERROR: ErrorException: count(): Parameter must be an array or an object that implements Countable in C:\xampp\htdocs\install-master\plugins\ahmadfatoni\apigenerator\controllers\api\DeviceAPIController.php:34
Stack trace:
#0 [internal function]: Illuminate\Foundation\Bootstrap\HandleExceptions->handleError(2, 'count(): Parame...', 'C:\\xampp\\htdocs...', 34, Array)
#1 C:\xampp\htdocs\install-master\plugins\ahmadfatoni\apigenerator\controllers\api\DeviceAPIController.php(34): count(Object(Dnc\Cnc24h\Models\Device))
#2 [internal function]: AhmadFatoni\ApiGenerator\Controllers\API\DeviceAPIController->show('1')
#3 C:\xampp\htdocs\install-master\plugins\ahmadfatoni\apigenerator\controllers\api\DeviceAPIController.php(98): call_user_func_array(Array, Array)
#4 C:\xampp\htdocs\install-master\vendor\laravel\framework\src\Illuminate\Routing\ControllerDispatcher.php(45): AhmadFatoni\ApiGenerator\Controllers\API\DeviceAPIController->callAction('show', Array)
#5 C:\xampp\htdocs\install-master\vendor\laravel\framework\src\Illuminate\Routing\Route.php(212): Illuminate\Routing\ControllerDispatcher->dispatch(Object(Illuminate\Routing\Route), Object(AhmadFatoni\ApiGenerator\Controllers\API\DeviceAPIController), 'show')
#6 C:\xampp\htdocs\install-master\vendor\laravel\framework\src\Illuminate\Routing\Route.php(169): Illuminate\Routing\Route->runController()
#7 C:\xampp\htdocs\install-master\vendor\laravel\framework\src\Illuminate\Routing\Router.php(658): Illuminate\Routing\Route->run()
#8 C:\xampp\htdocs\install-master\vendor\laravel\framework\src\Illuminate\Routing\Pipeline.php(30): Illuminate\Routing\Router->Illuminate\Routing\{closure}(Object(Illuminate\Http\Request))
#9 C:\xampp\htdocs\install-master\vendor\laravel\framework\src\Illuminate\Pipeline\Pipeline.php(102): Illuminate\Routing\Pipeline->Illuminate\Routing\{closure}(Object(Illuminate\Http\Request))
#10 C:\xampp\htdocs\install-master\vendor\laravel\framework\src\Illuminate\Routing\Router.php(660): Illuminate\Pipeline\Pipeline->then(Object(Closure))
#11 C:\xampp\htdocs\install-master\vendor\laravel\framework\src\Illuminate\Routing\Router.php(635): Illuminate\Routing\Router->runRouteWithinStack(Object(Illuminate\Routing\Route), Object(Illuminate\Http\Request))
#12 C:\xampp\htdocs\install-master\vendor\laravel\framework\src\Illuminate\Routing\Router.php(601): Illuminate\Routing\Router->runRoute(Object(Illuminate\Http\Request), Object(Illuminate\Routing\Route))
#13 C:\xampp\htdocs\install-master\vendor\october\rain\src\Router\CoreRouter.php(20): Illuminate\Routing\Router->dispatchToRoute(Object(Illuminate\Http\Request))
#14 C:\xampp\htdocs\install-master\vendor\laravel\framework\src\Illuminate\Foundation\Http\Kernel.php(176): October\Rain\Router\CoreRouter->dispatch(Object(Illuminate\Http\Request))
#15 C:\xampp\htdocs\install-master\vendor\laravel\framework\src\Illuminate\Routing\Pipeline.php(30): Illuminate\Foundation\Http\Kernel->Illuminate\Foundation\Http\{closure}(Object(Illuminate\Http\Request))
#16 C:\xampp\htdocs\install-master\vendor\laravel\framework\src\Illuminate\Foundation\Http\Middleware\CheckForMaintenanceMode.php(46): Illuminate\Routing\Pipeline->Illuminate\Routing\{closure}(Object(Illuminate\Http\Request))
#17 C:\xampp\htdocs\install-master\vendor\october\rain\src\Foundation\Http\Middleware\CheckForMaintenanceMode.php(25): Illuminate\Foundation\Http\Middleware\CheckForMaintenanceMode->handle(Object(Illuminate\Http\Request), Object(Closure))
#18 C:\xampp\htdocs\install-master\vendor\laravel\framework\src\Illuminate\Pipeline\Pipeline.php(149): October\Rain\Foundation\Http\Middleware\CheckForMaintenanceMode->handle(Object(Illuminate\Http\Request), Object(Closure))
#19 C:\xampp\htdocs\install-master\vendor\laravel\framework\src\Illuminate\Routing\Pipeline.php(53): Illuminate\Pipeline\Pipeline->Illuminate\Pipeline\{closure}(Object(Illuminate\Http\Request))
#20 C:\xampp\htdocs\install-master\plugins\offline\cors\classes\HandleCors.php(36): Illuminate\Routing\Pipeline->Illuminate\Routing\{closure}(Object(Illuminate\Http\Request))
#21 C:\xampp\htdocs\install-master\vendor\laravel\framework\src\Illuminate\Pipeline\Pipeline.php(149): OFFLINE\CORS\Classes\HandleCors->handle(Object(Illuminate\Http\Request), Object(Closure))
#22 C:\xampp\htdocs\install-master\vendor\laravel\framework\src\Illuminate\Routing\Pipeline.php(53): Illuminate\Pipeline\Pipeline->Illuminate\Pipeline\{closure}(Object(Illuminate\Http\Request))
#23 C:\xampp\htdocs\install-master\vendor\laravel\framework\src\Illuminate\Pipeline\Pipeline.php(102): Illuminate\Routing\Pipeline->Illuminate\Routing\{closure}(Object(Illuminate\Http\Request))
#24 C:\xampp\htdocs\install-master\vendor\laravel\framework\src\Illuminate\Foundation\Http\Kernel.php(151): Illuminate\Pipeline\Pipeline->then(Object(Closure))
#25 C:\xampp\htdocs\install-master\vendor\laravel\framework\src\Illuminate\Foundation\Http\Kernel.php(116): Illuminate\Foundation\Http\Kernel->sendRequestThroughRouter(Object(Illuminate\Http\Request))
#26 C:\xampp\htdocs\install-master\index.php(43): Illuminate\Foundation\Http\Kernel->handle(Object(Illuminate\Http\Request))
#27 {main}  
[2020-09-24 07:10:18] dev.ERROR: ErrorException: count(): Parameter must be an array or an object that implements Countable in C:\xampp\htdocs\install-master\plugins\ahmadfatoni\apigenerator\controllers\api\DeviceAPIController.php:34
Stack trace:
#0 [internal function]: Illuminate\Foundation\Bootstrap\HandleExceptions->handleError(2, 'count(): Parame...', 'C:\\xampp\\htdocs...', 34, Array)
#1 C:\xampp\htdocs\install-master\plugins\ahmadfatoni\apigenerator\controllers\api\DeviceAPIController.php(34): count(Object(Dnc\Cnc24h\Models\Device))
#2 [internal function]: AhmadFatoni\ApiGenerator\Controllers\API\DeviceAPIController->show('1')
#3 C:\xampp\htdocs\install-master\plugins\ahmadfatoni\apigenerator\controllers\api\DeviceAPIController.php(98): call_user_func_array(Array, Array)
#4 C:\xampp\htdocs\install-master\vendor\laravel\framework\src\Illuminate\Routing\ControllerDispatcher.php(45): AhmadFatoni\ApiGenerator\Controllers\API\DeviceAPIController->callAction('show', Array)
#5 C:\xampp\htdocs\install-master\vendor\laravel\framework\src\Illuminate\Routing\Route.php(212): Illuminate\Routing\ControllerDispatcher->dispatch(Object(Illuminate\Routing\Route), Object(AhmadFatoni\ApiGenerator\Controllers\API\DeviceAPIController), 'show')
#6 C:\xampp\htdocs\install-master\vendor\laravel\framework\src\Illuminate\Routing\Route.php(169): Illuminate\Routing\Route->runController()
#7 C:\xampp\htdocs\install-master\vendor\laravel\framework\src\Illuminate\Routing\Router.php(658): Illuminate\Routing\Route->run()
#8 C:\xampp\htdocs\install-master\vendor\laravel\framework\src\Illuminate\Routing\Pipeline.php(30): Illuminate\Routing\Router->Illuminate\Routing\{closure}(Object(Illuminate\Http\Request))
#9 C:\xampp\htdocs\install-master\vendor\laravel\framework\src\Illuminate\Pipeline\Pipeline.php(102): Illuminate\Routing\Pipeline->Illuminate\Routing\{closure}(Object(Illuminate\Http\Request))
#10 C:\xampp\htdocs\install-master\vendor\laravel\framework\src\Illuminate\Routing\Router.php(660): Illuminate\Pipeline\Pipeline->then(Object(Closure))
#11 C:\xampp\htdocs\install-master\vendor\laravel\framework\src\Illuminate\Routing\Router.php(635): Illuminate\Routing\Router->runRouteWithinStack(Object(Illuminate\Routing\Route), Object(Illuminate\Http\Request))
#12 C:\xampp\htdocs\install-master\vendor\laravel\framework\src\Illuminate\Routing\Router.php(601): Illuminate\Routing\Router->runRoute(Object(Illuminate\Http\Request), Object(Illuminate\Routing\Route))
#13 C:\xampp\htdocs\install-master\vendor\october\rain\src\Router\CoreRouter.php(20): Illuminate\Routing\Router->dispatchToRoute(Object(Illuminate\Http\Request))
#14 C:\xampp\htdocs\install-master\vendor\laravel\framework\src\Illuminate\Foundation\Http\Kernel.php(176): October\Rain\Router\CoreRouter->dispatch(Object(Illuminate\Http\Request))
#15 C:\xampp\htdocs\install-master\vendor\laravel\framework\src\Illuminate\Routing\Pipeline.php(30): Illuminate\Foundation\Http\Kernel->Illuminate\Foundation\Http\{closure}(Object(Illuminate\Http\Request))
#16 C:\xampp\htdocs\install-master\vendor\laravel\framework\src\Illuminate\Foundation\Http\Middleware\CheckForMaintenanceMode.php(46): Illuminate\Routing\Pipeline->Illuminate\Routing\{closure}(Object(Illuminate\Http\Request))
#17 C:\xampp\htdocs\install-master\vendor\october\rain\src\Foundation\Http\Middleware\CheckForMaintenanceMode.php(25): Illuminate\Foundation\Http\Middleware\CheckForMaintenanceMode->handle(Object(Illuminate\Http\Request), Object(Closure))
#18 C:\xampp\htdocs\install-master\vendor\laravel\framework\src\Illuminate\Pipeline\Pipeline.php(149): October\Rain\Foundation\Http\Middleware\CheckForMaintenanceMode->handle(Object(Illuminate\Http\Request), Object(Closure))
#19 C:\xampp\htdocs\install-master\vendor\laravel\framework\src\Illuminate\Routing\Pipeline.php(53): Illuminate\Pipeline\Pipeline->Illuminate\Pipeline\{closure}(Object(Illuminate\Http\Request))
#20 C:\xampp\htdocs\install-master\plugins\offline\cors\classes\HandleCors.php(36): Illuminate\Routing\Pipeline->Illuminate\Routing\{closure}(Object(Illuminate\Http\Request))
#21 C:\xampp\htdocs\install-master\vendor\laravel\framework\src\Illuminate\Pipeline\Pipeline.php(149): OFFLINE\CORS\Classes\HandleCors->handle(Object(Illuminate\Http\Request), Object(Closure))
#22 C:\xampp\htdocs\install-master\vendor\laravel\framework\src\Illuminate\Routing\Pipeline.php(53): Illuminate\Pipeline\Pipeline->Illuminate\Pipeline\{closure}(Object(Illuminate\Http\Request))
#23 C:\xampp\htdocs\install-master\vendor\laravel\framework\src\Illuminate\Pipeline\Pipeline.php(102): Illuminate\Routing\Pipeline->Illuminate\Routing\{closure}(Object(Illuminate\Http\Request))
#24 C:\xampp\htdocs\install-master\vendor\laravel\framework\src\Illuminate\Foundation\Http\Kernel.php(151): Illuminate\Pipeline\Pipeline->then(Object(Closure))
#25 C:\xampp\htdocs\install-master\vendor\laravel\framework\src\Illuminate\Foundation\Http\Kernel.php(116): Illuminate\Foundation\Http\Kernel->sendRequestThroughRouter(Object(Illuminate\Http\Request))
#26 C:\xampp\htdocs\install-master\index.php(43): Illuminate\Foundation\Http\Kernel->handle(Object(Illuminate\Http\Request))
#27 {main}  
[2020-09-24 07:10:25] dev.ERROR: ErrorException: count(): Parameter must be an array or an object that implements Countable in C:\xampp\htdocs\install-master\plugins\ahmadfatoni\apigenerator\controllers\api\DeviceAPIController.php:34
Stack trace:
#0 [internal function]: Illuminate\Foundation\Bootstrap\HandleExceptions->handleError(2, 'count(): Parame...', 'C:\\xampp\\htdocs...', 34, Array)
#1 C:\xampp\htdocs\install-master\plugins\ahmadfatoni\apigenerator\controllers\api\DeviceAPIController.php(34): count(Object(Dnc\Cnc24h\Models\Device))
#2 [internal function]: AhmadFatoni\ApiGenerator\Controllers\API\DeviceAPIController->show('1')
#3 C:\xampp\htdocs\install-master\plugins\ahmadfatoni\apigenerator\controllers\api\DeviceAPIController.php(98): call_user_func_array(Array, Array)
#4 C:\xampp\htdocs\install-master\vendor\laravel\framework\src\Illuminate\Routing\ControllerDispatcher.php(45): AhmadFatoni\ApiGenerator\Controllers\API\DeviceAPIController->callAction('show', Array)
#5 C:\xampp\htdocs\install-master\vendor\laravel\framework\src\Illuminate\Routing\Route.php(212): Illuminate\Routing\ControllerDispatcher->dispatch(Object(Illuminate\Routing\Route), Object(AhmadFatoni\ApiGenerator\Controllers\API\DeviceAPIController), 'show')
#6 C:\xampp\htdocs\install-master\vendor\laravel\framework\src\Illuminate\Routing\Route.php(169): Illuminate\Routing\Route->runController()
#7 C:\xampp\htdocs\install-master\vendor\laravel\framework\src\Illuminate\Routing\Router.php(658): Illuminate\Routing\Route->run()
#8 C:\xampp\htdocs\install-master\vendor\laravel\framework\src\Illuminate\Routing\Pipeline.php(30): Illuminate\Routing\Router->Illuminate\Routing\{closure}(Object(Illuminate\Http\Request))
#9 C:\xampp\htdocs\install-master\vendor\laravel\framework\src\Illuminate\Pipeline\Pipeline.php(102): Illuminate\Routing\Pipeline->Illuminate\Routing\{closure}(Object(Illuminate\Http\Request))
#10 C:\xampp\htdocs\install-master\vendor\laravel\framework\src\Illuminate\Routing\Router.php(660): Illuminate\Pipeline\Pipeline->then(Object(Closure))
#11 C:\xampp\htdocs\install-master\vendor\laravel\framework\src\Illuminate\Routing\Router.php(635): Illuminate\Routing\Router->runRouteWithinStack(Object(Illuminate\Routing\Route), Object(Illuminate\Http\Request))
#12 C:\xampp\htdocs\install-master\vendor\laravel\framework\src\Illuminate\Routing\Router.php(601): Illuminate\Routing\Router->runRoute(Object(Illuminate\Http\Request), Object(Illuminate\Routing\Route))
#13 C:\xampp\htdocs\install-master\vendor\october\rain\src\Router\CoreRouter.php(20): Illuminate\Routing\Router->dispatchToRoute(Object(Illuminate\Http\Request))
#14 C:\xampp\htdocs\install-master\vendor\laravel\framework\src\Illuminate\Foundation\Http\Kernel.php(176): October\Rain\Router\CoreRouter->dispatch(Object(Illuminate\Http\Request))
#15 C:\xampp\htdocs\install-master\vendor\laravel\framework\src\Illuminate\Routing\Pipeline.php(30): Illuminate\Foundation\Http\Kernel->Illuminate\Foundation\Http\{closure}(Object(Illuminate\Http\Request))
#16 C:\xampp\htdocs\install-master\vendor\laravel\framework\src\Illuminate\Foundation\Http\Middleware\CheckForMaintenanceMode.php(46): Illuminate\Routing\Pipeline->Illuminate\Routing\{closure}(Object(Illuminate\Http\Request))
#17 C:\xampp\htdocs\install-master\vendor\october\rain\src\Foundation\Http\Middleware\CheckForMaintenanceMode.php(25): Illuminate\Foundation\Http\Middleware\CheckForMaintenanceMode->handle(Object(Illuminate\Http\Request), Object(Closure))
#18 C:\xampp\htdocs\install-master\vendor\laravel\framework\src\Illuminate\Pipeline\Pipeline.php(149): October\Rain\Foundation\Http\Middleware\CheckForMaintenanceMode->handle(Object(Illuminate\Http\Request), Object(Closure))
#19 C:\xampp\htdocs\install-master\vendor\laravel\framework\src\Illuminate\Routing\Pipeline.php(53): Illuminate\Pipeline\Pipeline->Illuminate\Pipeline\{closure}(Object(Illuminate\Http\Request))
#20 C:\xampp\htdocs\install-master\plugins\offline\cors\classes\HandleCors.php(36): Illuminate\Routing\Pipeline->Illuminate\Routing\{closure}(Object(Illuminate\Http\Request))
#21 C:\xampp\htdocs\install-master\vendor\laravel\framework\src\Illuminate\Pipeline\Pipeline.php(149): OFFLINE\CORS\Classes\HandleCors->handle(Object(Illuminate\Http\Request), Object(Closure))
#22 C:\xampp\htdocs\install-master\vendor\laravel\framework\src\Illuminate\Routing\Pipeline.php(53): Illuminate\Pipeline\Pipeline->Illuminate\Pipeline\{closure}(Object(Illuminate\Http\Request))
#23 C:\xampp\htdocs\install-master\vendor\laravel\framework\src\Illuminate\Pipeline\Pipeline.php(102): Illuminate\Routing\Pipeline->Illuminate\Routing\{closure}(Object(Illuminate\Http\Request))
#24 C:\xampp\htdocs\install-master\vendor\laravel\framework\src\Illuminate\Foundation\Http\Kernel.php(151): Illuminate\Pipeline\Pipeline->then(Object(Closure))
#25 C:\xampp\htdocs\install-master\vendor\laravel\framework\src\Illuminate\Foundation\Http\Kernel.php(116): Illuminate\Foundation\Http\Kernel->sendRequestThroughRouter(Object(Illuminate\Http\Request))
#26 C:\xampp\htdocs\install-master\index.php(43): Illuminate\Foundation\Http\Kernel->handle(Object(Illuminate\Http\Request))
#27 {main}  
[2020-09-24 07:10:30] dev.ERROR: ErrorException: count(): Parameter must be an array or an object that implements Countable in C:\xampp\htdocs\install-master\plugins\ahmadfatoni\apigenerator\controllers\api\DeviceAPIController.php:34
Stack trace:
#0 [internal function]: Illuminate\Foundation\Bootstrap\HandleExceptions->handleError(2, 'count(): Parame...', 'C:\\xampp\\htdocs...', 34, Array)
#1 C:\xampp\htdocs\install-master\plugins\ahmadfatoni\apigenerator\controllers\api\DeviceAPIController.php(34): count(Object(Dnc\Cnc24h\Models\Device))
#2 [internal function]: AhmadFatoni\ApiGenerator\Controllers\API\DeviceAPIController->show('1')
#3 C:\xampp\htdocs\install-master\plugins\ahmadfatoni\apigenerator\controllers\api\DeviceAPIController.php(98): call_user_func_array(Array, Array)
#4 C:\xampp\htdocs\install-master\vendor\laravel\framework\src\Illuminate\Routing\ControllerDispatcher.php(45): AhmadFatoni\ApiGenerator\Controllers\API\DeviceAPIController->callAction('show', Array)
#5 C:\xampp\htdocs\install-master\vendor\laravel\framework\src\Illuminate\Routing\Route.php(212): Illuminate\Routing\ControllerDispatcher->dispatch(Object(Illuminate\Routing\Route), Object(AhmadFatoni\ApiGenerator\Controllers\API\DeviceAPIController), 'show')
#6 C:\xampp\htdocs\install-master\vendor\laravel\framework\src\Illuminate\Routing\Route.php(169): Illuminate\Routing\Route->runController()
#7 C:\xampp\htdocs\install-master\vendor\laravel\framework\src\Illuminate\Routing\Router.php(658): Illuminate\Routing\Route->run()
#8 C:\xampp\htdocs\install-master\vendor\laravel\framework\src\Illuminate\Routing\Pipeline.php(30): Illuminate\Routing\Router->Illuminate\Routing\{closure}(Object(Illuminate\Http\Request))
#9 C:\xampp\htdocs\install-master\vendor\laravel\framework\src\Illuminate\Pipeline\Pipeline.php(102): Illuminate\Routing\Pipeline->Illuminate\Routing\{closure}(Object(Illuminate\Http\Request))
#10 C:\xampp\htdocs\install-master\vendor\laravel\framework\src\Illuminate\Routing\Router.php(660): Illuminate\Pipeline\Pipeline->then(Object(Closure))
#11 C:\xampp\htdocs\install-master\vendor\laravel\framework\src\Illuminate\Routing\Router.php(635): Illuminate\Routing\Router->runRouteWithinStack(Object(Illuminate\Routing\Route), Object(Illuminate\Http\Request))
#12 C:\xampp\htdocs\install-master\vendor\laravel\framework\src\Illuminate\Routing\Router.php(601): Illuminate\Routing\Router->runRoute(Object(Illuminate\Http\Request), Object(Illuminate\Routing\Route))
#13 C:\xampp\htdocs\install-master\vendor\october\rain\src\Router\CoreRouter.php(20): Illuminate\Routing\Router->dispatchToRoute(Object(Illuminate\Http\Request))
#14 C:\xampp\htdocs\install-master\vendor\laravel\framework\src\Illuminate\Foundation\Http\Kernel.php(176): October\Rain\Router\CoreRouter->dispatch(Object(Illuminate\Http\Request))
#15 C:\xampp\htdocs\install-master\vendor\laravel\framework\src\Illuminate\Routing\Pipeline.php(30): Illuminate\Foundation\Http\Kernel->Illuminate\Foundation\Http\{closure}(Object(Illuminate\Http\Request))
#16 C:\xampp\htdocs\install-master\vendor\laravel\framework\src\Illuminate\Foundation\Http\Middleware\CheckForMaintenanceMode.php(46): Illuminate\Routing\Pipeline->Illuminate\Routing\{closure}(Object(Illuminate\Http\Request))
#17 C:\xampp\htdocs\install-master\vendor\october\rain\src\Foundation\Http\Middleware\CheckForMaintenanceMode.php(25): Illuminate\Foundation\Http\Middleware\CheckForMaintenanceMode->handle(Object(Illuminate\Http\Request), Object(Closure))
#18 C:\xampp\htdocs\install-master\vendor\laravel\framework\src\Illuminate\Pipeline\Pipeline.php(149): October\Rain\Foundation\Http\Middleware\CheckForMaintenanceMode->handle(Object(Illuminate\Http\Request), Object(Closure))
#19 C:\xampp\htdocs\install-master\vendor\laravel\framework\src\Illuminate\Routing\Pipeline.php(53): Illuminate\Pipeline\Pipeline->Illuminate\Pipeline\{closure}(Object(Illuminate\Http\Request))
#20 C:\xampp\htdocs\install-master\plugins\offline\cors\classes\HandleCors.php(36): Illuminate\Routing\Pipeline->Illuminate\Routing\{closure}(Object(Illuminate\Http\Request))
#21 C:\xampp\htdocs\install-master\vendor\laravel\framework\src\Illuminate\Pipeline\Pipeline.php(149): OFFLINE\CORS\Classes\HandleCors->handle(Object(Illuminate\Http\Request), Object(Closure))
#22 C:\xampp\htdocs\install-master\vendor\laravel\framework\src\Illuminate\Routing\Pipeline.php(53): Illuminate\Pipeline\Pipeline->Illuminate\Pipeline\{closure}(Object(Illuminate\Http\Request))
#23 C:\xampp\htdocs\install-master\vendor\laravel\framework\src\Illuminate\Pipeline\Pipeline.php(102): Illuminate\Routing\Pipeline->Illuminate\Routing\{closure}(Object(Illuminate\Http\Request))
#24 C:\xampp\htdocs\install-master\vendor\laravel\framework\src\Illuminate\Foundation\Http\Kernel.php(151): Illuminate\Pipeline\Pipeline->then(Object(Closure))
#25 C:\xampp\htdocs\install-master\vendor\laravel\framework\src\Illuminate\Foundation\Http\Kernel.php(116): Illuminate\Foundation\Http\Kernel->sendRequestThroughRouter(Object(Illuminate\Http\Request))
#26 C:\xampp\htdocs\install-master\index.php(43): Illuminate\Foundation\Http\Kernel->handle(Object(Illuminate\Http\Request))
#27 {main}  
[2020-09-24 07:14:30] dev.ERROR: ErrorException: count(): Parameter must be an array or an object that implements Countable in C:\xampp\htdocs\install-master\plugins\ahmadfatoni\apigenerator\controllers\api\DeviceAPIController.php:34
Stack trace:
#0 [internal function]: Illuminate\Foundation\Bootstrap\HandleExceptions->handleError(2, 'count(): Parame...', 'C:\\xampp\\htdocs...', 34, Array)
#1 C:\xampp\htdocs\install-master\plugins\ahmadfatoni\apigenerator\controllers\api\DeviceAPIController.php(34): count(Object(Dnc\Cnc24h\Models\Device))
#2 [internal function]: AhmadFatoni\ApiGenerator\Controllers\API\DeviceAPIController->show('1')
#3 C:\xampp\htdocs\install-master\plugins\ahmadfatoni\apigenerator\controllers\api\DeviceAPIController.php(98): call_user_func_array(Array, Array)
#4 C:\xampp\htdocs\install-master\vendor\laravel\framework\src\Illuminate\Routing\ControllerDispatcher.php(45): AhmadFatoni\ApiGenerator\Controllers\API\DeviceAPIController->callAction('show', Array)
#5 C:\xampp\htdocs\install-master\vendor\laravel\framework\src\Illuminate\Routing\Route.php(212): Illuminate\Routing\ControllerDispatcher->dispatch(Object(Illuminate\Routing\Route), Object(AhmadFatoni\ApiGenerator\Controllers\API\DeviceAPIController), 'show')
#6 C:\xampp\htdocs\install-master\vendor\laravel\framework\src\Illuminate\Routing\Route.php(169): Illuminate\Routing\Route->runController()
#7 C:\xampp\htdocs\install-master\vendor\laravel\framework\src\Illuminate\Routing\Router.php(658): Illuminate\Routing\Route->run()
#8 C:\xampp\htdocs\install-master\vendor\laravel\framework\src\Illuminate\Routing\Pipeline.php(30): Illuminate\Routing\Router->Illuminate\Routing\{closure}(Object(Illuminate\Http\Request))
#9 C:\xampp\htdocs\install-master\vendor\laravel\framework\src\Illuminate\Pipeline\Pipeline.php(102): Illuminate\Routing\Pipeline->Illuminate\Routing\{closure}(Object(Illuminate\Http\Request))
#10 C:\xampp\htdocs\install-master\vendor\laravel\framework\src\Illuminate\Routing\Router.php(660): Illuminate\Pipeline\Pipeline->then(Object(Closure))
#11 C:\xampp\htdocs\install-master\vendor\laravel\framework\src\Illuminate\Routing\Router.php(635): Illuminate\Routing\Router->runRouteWithinStack(Object(Illuminate\Routing\Route), Object(Illuminate\Http\Request))
#12 C:\xampp\htdocs\install-master\vendor\laravel\framework\src\Illuminate\Routing\Router.php(601): Illuminate\Routing\Router->runRoute(Object(Illuminate\Http\Request), Object(Illuminate\Routing\Route))
#13 C:\xampp\htdocs\install-master\vendor\october\rain\src\Router\CoreRouter.php(20): Illuminate\Routing\Router->dispatchToRoute(Object(Illuminate\Http\Request))
#14 C:\xampp\htdocs\install-master\vendor\laravel\framework\src\Illuminate\Foundation\Http\Kernel.php(176): October\Rain\Router\CoreRouter->dispatch(Object(Illuminate\Http\Request))
#15 C:\xampp\htdocs\install-master\vendor\laravel\framework\src\Illuminate\Routing\Pipeline.php(30): Illuminate\Foundation\Http\Kernel->Illuminate\Foundation\Http\{closure}(Object(Illuminate\Http\Request))
#16 C:\xampp\htdocs\install-master\vendor\laravel\framework\src\Illuminate\Foundation\Http\Middleware\CheckForMaintenanceMode.php(46): Illuminate\Routing\Pipeline->Illuminate\Routing\{closure}(Object(Illuminate\Http\Request))
#17 C:\xampp\htdocs\install-master\vendor\october\rain\src\Foundation\Http\Middleware\CheckForMaintenanceMode.php(25): Illuminate\Foundation\Http\Middleware\CheckForMaintenanceMode->handle(Object(Illuminate\Http\Request), Object(Closure))
#18 C:\xampp\htdocs\install-master\vendor\laravel\framework\src\Illuminate\Pipeline\Pipeline.php(149): October\Rain\Foundation\Http\Middleware\CheckForMaintenanceMode->handle(Object(Illuminate\Http\Request), Object(Closure))
#19 C:\xampp\htdocs\install-master\vendor\laravel\framework\src\Illuminate\Routing\Pipeline.php(53): Illuminate\Pipeline\Pipeline->Illuminate\Pipeline\{closure}(Object(Illuminate\Http\Request))
#20 C:\xampp\htdocs\install-master\plugins\offline\cors\classes\HandleCors.php(36): Illuminate\Routing\Pipeline->Illuminate\Routing\{closure}(Object(Illuminate\Http\Request))
#21 C:\xampp\htdocs\install-master\vendor\laravel\framework\src\Illuminate\Pipeline\Pipeline.php(149): OFFLINE\CORS\Classes\HandleCors->handle(Object(Illuminate\Http\Request), Object(Closure))
#22 C:\xampp\htdocs\install-master\vendor\laravel\framework\src\Illuminate\Routing\Pipeline.php(53): Illuminate\Pipeline\Pipeline->Illuminate\Pipeline\{closure}(Object(Illuminate\Http\Request))
#23 C:\xampp\htdocs\install-master\vendor\laravel\framework\src\Illuminate\Pipeline\Pipeline.php(102): Illuminate\Routing\Pipeline->Illuminate\Routing\{closure}(Object(Illuminate\Http\Request))
#24 C:\xampp\htdocs\install-master\vendor\laravel\framework\src\Illuminate\Foundation\Http\Kernel.php(151): Illuminate\Pipeline\Pipeline->then(Object(Closure))
#25 C:\xampp\htdocs\install-master\vendor\laravel\framework\src\Illuminate\Foundation\Http\Kernel.php(116): Illuminate\Foundation\Http\Kernel->sendRequestThroughRouter(Object(Illuminate\Http\Request))
#26 C:\xampp\htdocs\install-master\index.php(43): Illuminate\Foundation\Http\Kernel->handle(Object(Illuminate\Http\Request))
#27 {main}  
[2020-09-24 07:26:44] dev.ERROR: ReflectionException: Class Dnc\Cnc24h\Helpers does not exist in C:\xampp\htdocs\install-master\vendor\laravel\framework\src\Illuminate\Container\Container.php:811
Stack trace:
#0 C:\xampp\htdocs\install-master\vendor\laravel\framework\src\Illuminate\Container\Container.php(811): ReflectionParameter->getClass()
#1 C:\xampp\htdocs\install-master\vendor\laravel\framework\src\Illuminate\Container\Container.php(780): Illuminate\Container\Container->resolveDependencies(Array)
#2 C:\xampp\htdocs\install-master\vendor\laravel\framework\src\Illuminate\Container\Container.php(631): Illuminate\Container\Container->build('Dnc\\Cnc24h\\Cont...')
#3 C:\xampp\htdocs\install-master\vendor\laravel\framework\src\Illuminate\Container\Container.php(586): Illuminate\Container\Container->resolve('Dnc\\Cnc24h\\Cont...', Array)
#4 C:\xampp\htdocs\install-master\vendor\laravel\framework\src\Illuminate\Foundation\Application.php(732): Illuminate\Container\Container->make('Dnc\\Cnc24h\\Cont...', Array)
#5 C:\xampp\htdocs\install-master\vendor\october\rain\src\Foundation\Application.php(188): Illuminate\Foundation\Application->make('Dnc\\Cnc24h\\Cont...')
#6 C:\xampp\htdocs\install-master\vendor\laravel\framework\src\Illuminate\Routing\Route.php(226): October\Rain\Foundation\Application->make('Dnc\\Cnc24h\\Cont...')
#7 C:\xampp\htdocs\install-master\vendor\laravel\framework\src\Illuminate\Routing\Route.php(796): Illuminate\Routing\Route->getController()
#8 C:\xampp\htdocs\install-master\vendor\laravel\framework\src\Illuminate\Routing\Route.php(757): Illuminate\Routing\Route->controllerMiddleware()
#9 C:\xampp\htdocs\install-master\vendor\laravel\framework\src\Illuminate\Routing\Router.php(671): Illuminate\Routing\Route->gatherMiddleware()
#10 C:\xampp\htdocs\install-master\vendor\laravel\framework\src\Illuminate\Routing\Router.php(651): Illuminate\Routing\Router->gatherRouteMiddleware(Object(Illuminate\Routing\Route))
#11 C:\xampp\htdocs\install-master\vendor\laravel\framework\src\Illuminate\Routing\Router.php(635): Illuminate\Routing\Router->runRouteWithinStack(Object(Illuminate\Routing\Route), Object(Illuminate\Http\Request))
#12 C:\xampp\htdocs\install-master\vendor\laravel\framework\src\Illuminate\Routing\Router.php(601): Illuminate\Routing\Router->runRoute(Object(Illuminate\Http\Request), Object(Illuminate\Routing\Route))
#13 C:\xampp\htdocs\install-master\vendor\october\rain\src\Router\CoreRouter.php(20): Illuminate\Routing\Router->dispatchToRoute(Object(Illuminate\Http\Request))
#14 C:\xampp\htdocs\install-master\vendor\laravel\framework\src\Illuminate\Foundation\Http\Kernel.php(176): October\Rain\Router\CoreRouter->dispatch(Object(Illuminate\Http\Request))
#15 C:\xampp\htdocs\install-master\vendor\laravel\framework\src\Illuminate\Routing\Pipeline.php(30): Illuminate\Foundation\Http\Kernel->Illuminate\Foundation\Http\{closure}(Object(Illuminate\Http\Request))
#16 C:\xampp\htdocs\install-master\vendor\laravel\framework\src\Illuminate\Foundation\Http\Middleware\CheckForMaintenanceMode.php(46): Illuminate\Routing\Pipeline->Illuminate\Routing\{closure}(Object(Illuminate\Http\Request))
#17 C:\xampp\htdocs\install-master\vendor\october\rain\src\Foundation\Http\Middleware\CheckForMaintenanceMode.php(25): Illuminate\Foundation\Http\Middleware\CheckForMaintenanceMode->handle(Object(Illuminate\Http\Request), Object(Closure))
#18 C:\xampp\htdocs\install-master\vendor\laravel\framework\src\Illuminate\Pipeline\Pipeline.php(149): October\Rain\Foundation\Http\Middleware\CheckForMaintenanceMode->handle(Object(Illuminate\Http\Request), Object(Closure))
#19 C:\xampp\htdocs\install-master\vendor\laravel\framework\src\Illuminate\Routing\Pipeline.php(53): Illuminate\Pipeline\Pipeline->Illuminate\Pipeline\{closure}(Object(Illuminate\Http\Request))
#20 C:\xampp\htdocs\install-master\plugins\offline\cors\classes\HandleCors.php(36): Illuminate\Routing\Pipeline->Illuminate\Routing\{closure}(Object(Illuminate\Http\Request))
#21 C:\xampp\htdocs\install-master\vendor\laravel\framework\src\Illuminate\Pipeline\Pipeline.php(149): OFFLINE\CORS\Classes\HandleCors->handle(Object(Illuminate\Http\Request), Object(Closure))
#22 C:\xampp\htdocs\install-master\vendor\laravel\framework\src\Illuminate\Routing\Pipeline.php(53): Illuminate\Pipeline\Pipeline->Illuminate\Pipeline\{closure}(Object(Illuminate\Http\Request))
#23 C:\xampp\htdocs\install-master\vendor\laravel\framework\src\Illuminate\Pipeline\Pipeline.php(102): Illuminate\Routing\Pipeline->Illuminate\Routing\{closure}(Object(Illuminate\Http\Request))
#24 C:\xampp\htdocs\install-master\vendor\laravel\framework\src\Illuminate\Foundation\Http\Kernel.php(151): Illuminate\Pipeline\Pipeline->then(Object(Closure))
#25 C:\xampp\htdocs\install-master\vendor\laravel\framework\src\Illuminate\Foundation\Http\Kernel.php(116): Illuminate\Foundation\Http\Kernel->sendRequestThroughRouter(Object(Illuminate\Http\Request))
#26 C:\xampp\htdocs\install-master\index.php(43): Illuminate\Foundation\Http\Kernel->handle(Object(Illuminate\Http\Request))
#27 {main}  
[2020-09-24 07:26:59] dev.ERROR: ReflectionException: Class Dnc\Cnc24h\Helpers does not exist in C:\xampp\htdocs\install-master\vendor\laravel\framework\src\Illuminate\Container\Container.php:811
Stack trace:
#0 C:\xampp\htdocs\install-master\vendor\laravel\framework\src\Illuminate\Container\Container.php(811): ReflectionParameter->getClass()
#1 C:\xampp\htdocs\install-master\vendor\laravel\framework\src\Illuminate\Container\Container.php(780): Illuminate\Container\Container->resolveDependencies(Array)
#2 C:\xampp\htdocs\install-master\vendor\laravel\framework\src\Illuminate\Container\Container.php(631): Illuminate\Container\Container->build('Dnc\\Cnc24h\\Cont...')
#3 C:\xampp\htdocs\install-master\vendor\laravel\framework\src\Illuminate\Container\Container.php(586): Illuminate\Container\Container->resolve('Dnc\\Cnc24h\\Cont...', Array)
#4 C:\xampp\htdocs\install-master\vendor\laravel\framework\src\Illuminate\Foundation\Application.php(732): Illuminate\Container\Container->make('Dnc\\Cnc24h\\Cont...', Array)
#5 C:\xampp\htdocs\install-master\vendor\october\rain\src\Foundation\Application.php(188): Illuminate\Foundation\Application->make('Dnc\\Cnc24h\\Cont...')
#6 C:\xampp\htdocs\install-master\vendor\laravel\framework\src\Illuminate\Routing\Route.php(226): October\Rain\Foundation\Application->make('Dnc\\Cnc24h\\Cont...')
#7 C:\xampp\htdocs\install-master\vendor\laravel\framework\src\Illuminate\Routing\Route.php(796): Illuminate\Routing\Route->getController()
#8 C:\xampp\htdocs\install-master\vendor\laravel\framework\src\Illuminate\Routing\Route.php(757): Illuminate\Routing\Route->controllerMiddleware()
#9 C:\xampp\htdocs\install-master\vendor\laravel\framework\src\Illuminate\Routing\Router.php(671): Illuminate\Routing\Route->gatherMiddleware()
#10 C:\xampp\htdocs\install-master\vendor\laravel\framework\src\Illuminate\Routing\Router.php(651): Illuminate\Routing\Router->gatherRouteMiddleware(Object(Illuminate\Routing\Route))
#11 C:\xampp\htdocs\install-master\vendor\laravel\framework\src\Illuminate\Routing\Router.php(635): Illuminate\Routing\Router->runRouteWithinStack(Object(Illuminate\Routing\Route), Object(Illuminate\Http\Request))
#12 C:\xampp\htdocs\install-master\vendor\laravel\framework\src\Illuminate\Routing\Router.php(601): Illuminate\Routing\Router->runRoute(Object(Illuminate\Http\Request), Object(Illuminate\Routing\Route))
#13 C:\xampp\htdocs\install-master\vendor\october\rain\src\Router\CoreRouter.php(20): Illuminate\Routing\Router->dispatchToRoute(Object(Illuminate\Http\Request))
#14 C:\xampp\htdocs\install-master\vendor\laravel\framework\src\Illuminate\Foundation\Http\Kernel.php(176): October\Rain\Router\CoreRouter->dispatch(Object(Illuminate\Http\Request))
#15 C:\xampp\htdocs\install-master\vendor\laravel\framework\src\Illuminate\Routing\Pipeline.php(30): Illuminate\Foundation\Http\Kernel->Illuminate\Foundation\Http\{closure}(Object(Illuminate\Http\Request))
#16 C:\xampp\htdocs\install-master\vendor\laravel\framework\src\Illuminate\Foundation\Http\Middleware\CheckForMaintenanceMode.php(46): Illuminate\Routing\Pipeline->Illuminate\Routing\{closure}(Object(Illuminate\Http\Request))
#17 C:\xampp\htdocs\install-master\vendor\october\rain\src\Foundation\Http\Middleware\CheckForMaintenanceMode.php(25): Illuminate\Foundation\Http\Middleware\CheckForMaintenanceMode->handle(Object(Illuminate\Http\Request), Object(Closure))
#18 C:\xampp\htdocs\install-master\vendor\laravel\framework\src\Illuminate\Pipeline\Pipeline.php(149): October\Rain\Foundation\Http\Middleware\CheckForMaintenanceMode->handle(Object(Illuminate\Http\Request), Object(Closure))
#19 C:\xampp\htdocs\install-master\vendor\laravel\framework\src\Illuminate\Routing\Pipeline.php(53): Illuminate\Pipeline\Pipeline->Illuminate\Pipeline\{closure}(Object(Illuminate\Http\Request))
#20 C:\xampp\htdocs\install-master\plugins\offline\cors\classes\HandleCors.php(36): Illuminate\Routing\Pipeline->Illuminate\Routing\{closure}(Object(Illuminate\Http\Request))
#21 C:\xampp\htdocs\install-master\vendor\laravel\framework\src\Illuminate\Pipeline\Pipeline.php(149): OFFLINE\CORS\Classes\HandleCors->handle(Object(Illuminate\Http\Request), Object(Closure))
#22 C:\xampp\htdocs\install-master\vendor\laravel\framework\src\Illuminate\Routing\Pipeline.php(53): Illuminate\Pipeline\Pipeline->Illuminate\Pipeline\{closure}(Object(Illuminate\Http\Request))
#23 C:\xampp\htdocs\install-master\vendor\laravel\framework\src\Illuminate\Pipeline\Pipeline.php(102): Illuminate\Routing\Pipeline->Illuminate\Routing\{closure}(Object(Illuminate\Http\Request))
#24 C:\xampp\htdocs\install-master\vendor\laravel\framework\src\Illuminate\Foundation\Http\Kernel.php(151): Illuminate\Pipeline\Pipeline->then(Object(Closure))
#25 C:\xampp\htdocs\install-master\vendor\laravel\framework\src\Illuminate\Foundation\Http\Kernel.php(116): Illuminate\Foundation\Http\Kernel->sendRequestThroughRouter(Object(Illuminate\Http\Request))
#26 C:\xampp\htdocs\install-master\index.php(43): Illuminate\Foundation\Http\Kernel->handle(Object(Illuminate\Http\Request))
#27 {main}  
[2020-09-24 07:28:16] dev.ERROR: ReflectionException: Class Dnc\Cnc24h\Helpers does not exist in C:\xampp\htdocs\install-master\vendor\laravel\framework\src\Illuminate\Container\Container.php:811
Stack trace:
#0 C:\xampp\htdocs\install-master\vendor\laravel\framework\src\Illuminate\Container\Container.php(811): ReflectionParameter->getClass()
#1 C:\xampp\htdocs\install-master\vendor\laravel\framework\src\Illuminate\Container\Container.php(780): Illuminate\Container\Container->resolveDependencies(Array)
#2 C:\xampp\htdocs\install-master\vendor\laravel\framework\src\Illuminate\Container\Container.php(631): Illuminate\Container\Container->build('Dnc\\Cnc24h\\Cont...')
#3 C:\xampp\htdocs\install-master\vendor\laravel\framework\src\Illuminate\Container\Container.php(586): Illuminate\Container\Container->resolve('Dnc\\Cnc24h\\Cont...', Array)
#4 C:\xampp\htdocs\install-master\vendor\laravel\framework\src\Illuminate\Foundation\Application.php(732): Illuminate\Container\Container->make('Dnc\\Cnc24h\\Cont...', Array)
#5 C:\xampp\htdocs\install-master\vendor\october\rain\src\Foundation\Application.php(188): Illuminate\Foundation\Application->make('Dnc\\Cnc24h\\Cont...')
#6 C:\xampp\htdocs\install-master\vendor\laravel\framework\src\Illuminate\Routing\Route.php(226): October\Rain\Foundation\Application->make('Dnc\\Cnc24h\\Cont...')
#7 C:\xampp\htdocs\install-master\vendor\laravel\framework\src\Illuminate\Routing\Route.php(796): Illuminate\Routing\Route->getController()
#8 C:\xampp\htdocs\install-master\vendor\laravel\framework\src\Illuminate\Routing\Route.php(757): Illuminate\Routing\Route->controllerMiddleware()
#9 C:\xampp\htdocs\install-master\vendor\laravel\framework\src\Illuminate\Routing\Router.php(671): Illuminate\Routing\Route->gatherMiddleware()
#10 C:\xampp\htdocs\install-master\vendor\laravel\framework\src\Illuminate\Routing\Router.php(651): Illuminate\Routing\Router->gatherRouteMiddleware(Object(Illuminate\Routing\Route))
#11 C:\xampp\htdocs\install-master\vendor\laravel\framework\src\Illuminate\Routing\Router.php(635): Illuminate\Routing\Router->runRouteWithinStack(Object(Illuminate\Routing\Route), Object(Illuminate\Http\Request))
#12 C:\xampp\htdocs\install-master\vendor\laravel\framework\src\Illuminate\Routing\Router.php(601): Illuminate\Routing\Router->runRoute(Object(Illuminate\Http\Request), Object(Illuminate\Routing\Route))
#13 C:\xampp\htdocs\install-master\vendor\october\rain\src\Router\CoreRouter.php(20): Illuminate\Routing\Router->dispatchToRoute(Object(Illuminate\Http\Request))
#14 C:\xampp\htdocs\install-master\vendor\laravel\framework\src\Illuminate\Foundation\Http\Kernel.php(176): October\Rain\Router\CoreRouter->dispatch(Object(Illuminate\Http\Request))
#15 C:\xampp\htdocs\install-master\vendor\laravel\framework\src\Illuminate\Routing\Pipeline.php(30): Illuminate\Foundation\Http\Kernel->Illuminate\Foundation\Http\{closure}(Object(Illuminate\Http\Request))
#16 C:\xampp\htdocs\install-master\vendor\laravel\framework\src\Illuminate\Foundation\Http\Middleware\CheckForMaintenanceMode.php(46): Illuminate\Routing\Pipeline->Illuminate\Routing\{closure}(Object(Illuminate\Http\Request))
#17 C:\xampp\htdocs\install-master\vendor\october\rain\src\Foundation\Http\Middleware\CheckForMaintenanceMode.php(25): Illuminate\Foundation\Http\Middleware\CheckForMaintenanceMode->handle(Object(Illuminate\Http\Request), Object(Closure))
#18 C:\xampp\htdocs\install-master\vendor\laravel\framework\src\Illuminate\Pipeline\Pipeline.php(149): October\Rain\Foundation\Http\Middleware\CheckForMaintenanceMode->handle(Object(Illuminate\Http\Request), Object(Closure))
#19 C:\xampp\htdocs\install-master\vendor\laravel\framework\src\Illuminate\Routing\Pipeline.php(53): Illuminate\Pipeline\Pipeline->Illuminate\Pipeline\{closure}(Object(Illuminate\Http\Request))
#20 C:\xampp\htdocs\install-master\plugins\offline\cors\classes\HandleCors.php(36): Illuminate\Routing\Pipeline->Illuminate\Routing\{closure}(Object(Illuminate\Http\Request))
#21 C:\xampp\htdocs\install-master\vendor\laravel\framework\src\Illuminate\Pipeline\Pipeline.php(149): OFFLINE\CORS\Classes\HandleCors->handle(Object(Illuminate\Http\Request), Object(Closure))
#22 C:\xampp\htdocs\install-master\vendor\laravel\framework\src\Illuminate\Routing\Pipeline.php(53): Illuminate\Pipeline\Pipeline->Illuminate\Pipeline\{closure}(Object(Illuminate\Http\Request))
#23 C:\xampp\htdocs\install-master\vendor\laravel\framework\src\Illuminate\Pipeline\Pipeline.php(102): Illuminate\Routing\Pipeline->Illuminate\Routing\{closure}(Object(Illuminate\Http\Request))
#24 C:\xampp\htdocs\install-master\vendor\laravel\framework\src\Illuminate\Foundation\Http\Kernel.php(151): Illuminate\Pipeline\Pipeline->then(Object(Closure))
#25 C:\xampp\htdocs\install-master\vendor\laravel\framework\src\Illuminate\Foundation\Http\Kernel.php(116): Illuminate\Foundation\Http\Kernel->sendRequestThroughRouter(Object(Illuminate\Http\Request))
#26 C:\xampp\htdocs\install-master\index.php(43): Illuminate\Foundation\Http\Kernel->handle(Object(Illuminate\Http\Request))
#27 {main}  
